Determining if the function getexecname exists failed with the following output:
Change Dir: /home/dilraj/Documents/apitrace/build/CMakeFiles/CMakeTmp

Run Build Command(s):/usr/bin/gmake -f Makefile cmTC_9f6b2/fast && /usr/bin/gmake  -f CMakeFiles/cmTC_9f6b2.dir/build.make CMakeFiles/cmTC_9f6b2.dir/build
gmake[1]: Entering directory '/home/dilraj/Documents/apitrace/build/CMakeFiles/CMakeTmp'
Building C object CMakeFiles/cmTC_9f6b2.dir/CheckFunctionExists.c.o
/usr/bin/cc -D_GNU_SOURCE  -fvisibility=hidden -Wall -Wno-sign-compare -fno-strict-aliasing -fmessage-length=0 -fno-omit-frame-pointer -DCHECK_FUNCTION_EXISTS=getexecname -std=gnu99 -o CMakeFiles/cmTC_9f6b2.dir/CheckFunctionExists.c.o -c /usr/share/cmake-3.22/Modules/CheckFunctionExists.c
Linking C executable cmTC_9f6b2
/usr/bin/cmake -E cmake_link_script CMakeFiles/cmTC_9f6b2.dir/link.txt --verbose=1
/usr/bin/cc  -fvisibility=hidden -Wall -Wno-sign-compare -fno-strict-aliasing -fmessage-length=0 -fno-omit-frame-pointer -DCHECK_FUNCTION_EXISTS=getexecname CMakeFiles/cmTC_9f6b2.dir/CheckFunctionExists.c.o -o cmTC_9f6b2 
/usr/bin/ld: CMakeFiles/cmTC_9f6b2.dir/CheckFunctionExists.c.o: in function `main':
CheckFunctionExists.c:(.text+0x14): undefined reference to `getexecname'
collect2: error: ld returned 1 exit status
gmake[1]: *** [CMakeFiles/cmTC_9f6b2.dir/build.make:99: cmTC_9f6b2] Error 1
gmake[1]: Leaving directory '/home/dilraj/Documents/apitrace/build/CMakeFiles/CMakeTmp'
gmake: *** [Makefile:127: cmTC_9f6b2/fast] Error 2



Determining if the include file sys/ldr.h exists failed with the following output:
Change Dir: /home/dilraj/Documents/apitrace/build/CMakeFiles/CMakeTmp

Run Build Command(s):/usr/bin/gmake -f Makefile cmTC_12c1b/fast && /usr/bin/gmake  -f CMakeFiles/cmTC_12c1b.dir/build.make CMakeFiles/cmTC_12c1b.dir/build
gmake[1]: Entering directory '/home/dilraj/Documents/apitrace/build/CMakeFiles/CMakeTmp'
Building C object CMakeFiles/cmTC_12c1b.dir/CheckIncludeFile.c.o
/usr/bin/cc -D_GNU_SOURCE  -fvisibility=hidden -Wall -Wno-sign-compare -fno-strict-aliasing -fmessage-length=0 -fno-omit-frame-pointer  -std=gnu99 -o CMakeFiles/cmTC_12c1b.dir/CheckIncludeFile.c.o -c /home/dilraj/Documents/apitrace/build/CMakeFiles/CMakeTmp/CheckIncludeFile.c
/home/dilraj/Documents/apitrace/build/CMakeFiles/CMakeTmp/CheckIncludeFile.c:1:10: fatal error: sys/ldr.h: No such file or directory
    1 | #include <sys/ldr.h>
      |          ^~~~~~~~~~~
compilation terminated.
gmake[1]: *** [CMakeFiles/cmTC_12c1b.dir/build.make:78: CMakeFiles/cmTC_12c1b.dir/CheckIncludeFile.c.o] Error 1
gmake[1]: Leaving directory '/home/dilraj/Documents/apitrace/build/CMakeFiles/CMakeTmp'
gmake: *** [Makefile:127: cmTC_12c1b/fast] Error 2



Determining if the include file sys/link.h exists failed with the following output:
Change Dir: /home/dilraj/Documents/apitrace/build/CMakeFiles/CMakeTmp

Run Build Command(s):/usr/bin/gmake -f Makefile cmTC_2f4fb/fast && /usr/bin/gmake  -f CMakeFiles/cmTC_2f4fb.dir/build.make CMakeFiles/cmTC_2f4fb.dir/build
gmake[1]: Entering directory '/home/dilraj/Documents/apitrace/build/CMakeFiles/CMakeTmp'
Building C object CMakeFiles/cmTC_2f4fb.dir/CheckIncludeFile.c.o
/usr/bin/cc -D_GNU_SOURCE  -fvisibility=hidden -Wall -Wno-sign-compare -fno-strict-aliasing -fmessage-length=0 -fno-omit-frame-pointer  -std=gnu99 -o CMakeFiles/cmTC_2f4fb.dir/CheckIncludeFile.c.o -c /home/dilraj/Documents/apitrace/build/CMakeFiles/CMakeTmp/CheckIncludeFile.c
/home/dilraj/Documents/apitrace/build/CMakeFiles/CMakeTmp/CheckIncludeFile.c:1:10: fatal error: sys/link.h: No such file or directory
    1 | #include <sys/link.h>
      |          ^~~~~~~~~~~~
compilation terminated.
gmake[1]: *** [CMakeFiles/cmTC_2f4fb.dir/build.make:78: CMakeFiles/cmTC_2f4fb.dir/CheckIncludeFile.c.o] Error 1
gmake[1]: Leaving directory '/home/dilraj/Documents/apitrace/build/CMakeFiles/CMakeTmp'
gmake: *** [Makefile:127: cmTC_2f4fb/fast] Error 2



