The system is: Linux - 6.2.6-76060206-generic - x86_64
Compiling the C compiler identification source file "CMakeCCompilerId.c" succeeded.
Compiler: /usr/bin/cc 
Build flags: 
Id flags:  

The output was:
0


Compilation of the C compiler identification source "CMakeCCompilerId.c" produced "a.out"

The C compiler identification is GNU, found in "/home/dilraj/Documents/apitrace/build/CMakeFiles/3.22.1/CompilerIdC/a.out"

Compiling the CXX compiler identification source file "CMakeCXXCompilerId.cpp" succeeded.
Compiler: /usr/bin/c++ 
Build flags: 
Id flags:  

The output was:
0


Compilation of the CXX compiler identification source "CMakeCXXCompilerId.cpp" produced "a.out"

The CXX compiler identification is GNU, found in "/home/dilraj/Documents/apitrace/build/CMakeFiles/3.22.1/CompilerIdCXX/a.out"

Detecting C compiler ABI info compiled with the following output:
Change Dir: /home/dilraj/Documents/apitrace/build/CMakeFiles/CMakeTmp

Run Build Command(s):/usr/bin/gmake -f Makefile cmTC_a5c3a/fast && /usr/bin/gmake  -f CMakeFiles/cmTC_a5c3a.dir/build.make CMakeFiles/cmTC_a5c3a.dir/build
gmake[1]: Entering directory '/home/dilraj/Documents/apitrace/build/CMakeFiles/CMakeTmp'
Building C object CMakeFiles/cmTC_a5c3a.dir/CMakeCCompilerABI.c.o
/usr/bin/cc   -v -o CMakeFiles/cmTC_a5c3a.dir/CMakeCCompilerABI.c.o -c /usr/share/cmake-3.22/Modules/CMakeCCompilerABI.c
Using built-in specs.
COLLECT_GCC=/usr/bin/cc
OFFLOAD_TARGET_NAMES=nvptx-none:amdgcn-amdhsa
OFFLOAD_TARGET_DEFAULT=1
Target: x86_64-linux-gnu
Configured with: ../src/configure -v --with-pkgversion='Ubuntu 11.4.0-1ubuntu1~22.04' --with-bugurl=file:///usr/share/doc/gcc-11/README.Bugs --enable-languages=c,ada,c++,go,brig,d,fortran,objc,obj-c++,m2 --prefix=/usr --with-gcc-major-version-only --program-suffix=-11 --program-prefix=x86_64-linux-gnu- --enable-shared --enable-linker-build-id --libexecdir=/usr/lib --without-included-gettext --enable-threads=posix --libdir=/usr/lib --enable-nls --enable-bootstrap --enable-clocale=gnu --enable-libstdcxx-debug --enable-libstdcxx-time=yes --with-default-libstdcxx-abi=new --enable-gnu-unique-object --disable-vtable-verify --enable-plugin --enable-default-pie --with-system-zlib --enable-libphobos-checking=release --with-target-system-zlib=auto --enable-objc-gc=auto --enable-multiarch --disable-werror --enable-cet --with-arch-32=i686 --with-abi=m64 --with-multilib-list=m32,m64,mx32 --enable-multilib --with-tune=generic --enable-offload-targets=nvptx-none=/build/gcc-11-XeT9lY/gcc-11-11.4.0/debian/tmp-nvptx/usr,amdgcn-amdhsa=/build/gcc-11-XeT9lY/gcc-11-11.4.0/debian/tmp-gcn/usr --without-cuda-driver --enable-checking=release --build=x86_64-linux-gnu --host=x86_64-linux-gnu --target=x86_64-linux-gnu --with-build-config=bootstrap-lto-lean --enable-link-serialization=2
Thread model: posix
Supported LTO compression algorithms: zlib zstd
gcc version 11.4.0 (Ubuntu 11.4.0-1ubuntu1~22.04) 
COLLECT_GCC_OPTIONS='-v' '-o' 'CMakeFiles/cmTC_a5c3a.dir/CMakeCCompilerABI.c.o' '-c' '-mtune=generic' '-march=x86-64' '-dumpdir' 'CMakeFiles/cmTC_a5c3a.dir/'
 /usr/lib/gcc/x86_64-linux-gnu/11/cc1 -quiet -v -imultiarch x86_64-linux-gnu /usr/share/cmake-3.22/Modules/CMakeCCompilerABI.c -quiet -dumpdir CMakeFiles/cmTC_a5c3a.dir/ -dumpbase CMakeCCompilerABI.c.c -dumpbase-ext .c -mtune=generic -march=x86-64 -version -fasynchronous-unwind-tables -fstack-protector-strong -Wformat -Wformat-security -fstack-clash-protection -fcf-protection -o /tmp/ccI3sS09.s
GNU C17 (Ubuntu 11.4.0-1ubuntu1~22.04) version 11.4.0 (x86_64-linux-gnu)
	compiled by GNU C version 11.4.0, GMP version 6.2.1, MPFR version 4.1.0, MPC version 1.2.1, isl version isl-0.24-GMP

GGC heuristics: --param ggc-min-expand=100 --param ggc-min-heapsize=131072
ignoring nonexistent directory "/usr/local/include/x86_64-linux-gnu"
ignoring nonexistent directory "/usr/lib/gcc/x86_64-linux-gnu/11/include-fixed"
ignoring nonexistent directory "/usr/lib/gcc/x86_64-linux-gnu/11/../../../../x86_64-linux-gnu/include"
#include "..." search starts here:
#include <...> search starts here:
 /usr/lib/gcc/x86_64-linux-gnu/11/include
 /usr/local/include
 /usr/include/x86_64-linux-gnu
 /usr/include
End of search list.
GNU C17 (Ubuntu 11.4.0-1ubuntu1~22.04) version 11.4.0 (x86_64-linux-gnu)
	compiled by GNU C version 11.4.0, GMP version 6.2.1, MPFR version 4.1.0, MPC version 1.2.1, isl version isl-0.24-GMP

GGC heuristics: --param ggc-min-expand=100 --param ggc-min-heapsize=131072
Compiler executable checksum: 50eaa2331df977b8016186198deb2d18
COLLECT_GCC_OPTIONS='-v' '-o' 'CMakeFiles/cmTC_a5c3a.dir/CMakeCCompilerABI.c.o' '-c' '-mtune=generic' '-march=x86-64' '-dumpdir' 'CMakeFiles/cmTC_a5c3a.dir/'
 as -v --64 -o CMakeFiles/cmTC_a5c3a.dir/CMakeCCompilerABI.c.o /tmp/ccI3sS09.s
GNU assembler version 2.38 (x86_64-linux-gnu) using BFD version (GNU Binutils for Ubuntu) 2.38
COMPILER_PATH=/usr/lib/gcc/x86_64-linux-gnu/11/:/usr/lib/gcc/x86_64-linux-gnu/11/:/usr/lib/gcc/x86_64-linux-gnu/:/usr/lib/gcc/x86_64-linux-gnu/11/:/usr/lib/gcc/x86_64-linux-gnu/
LIBRARY_PATH=/usr/lib/gcc/x86_64-linux-gnu/11/:/usr/lib/gcc/x86_64-linux-gnu/11/../../../x86_64-linux-gnu/:/usr/lib/gcc/x86_64-linux-gnu/11/../../../../lib/:/lib/x86_64-linux-gnu/:/lib/../lib/:/usr/lib/x86_64-linux-gnu/:/usr/lib/../lib/:/usr/lib/gcc/x86_64-linux-gnu/11/../../../:/lib/:/usr/lib/
COLLECT_GCC_OPTIONS='-v' '-o' 'CMakeFiles/cmTC_a5c3a.dir/CMakeCCompilerABI.c.o' '-c' '-mtune=generic' '-march=x86-64' '-dumpdir' 'CMakeFiles/cmTC_a5c3a.dir/CMakeCCompilerABI.c.'
Linking C executable cmTC_a5c3a
/usr/bin/cmake -E cmake_link_script CMakeFiles/cmTC_a5c3a.dir/link.txt --verbose=1
/usr/bin/cc  -v CMakeFiles/cmTC_a5c3a.dir/CMakeCCompilerABI.c.o -o cmTC_a5c3a 
Using built-in specs.
COLLECT_GCC=/usr/bin/cc
COLLECT_LTO_WRAPPER=/usr/lib/gcc/x86_64-linux-gnu/11/lto-wrapper
OFFLOAD_TARGET_NAMES=nvptx-none:amdgcn-amdhsa
OFFLOAD_TARGET_DEFAULT=1
Target: x86_64-linux-gnu
Configured with: ../src/configure -v --with-pkgversion='Ubuntu 11.4.0-1ubuntu1~22.04' --with-bugurl=file:///usr/share/doc/gcc-11/README.Bugs --enable-languages=c,ada,c++,go,brig,d,fortran,objc,obj-c++,m2 --prefix=/usr --with-gcc-major-version-only --program-suffix=-11 --program-prefix=x86_64-linux-gnu- --enable-shared --enable-linker-build-id --libexecdir=/usr/lib --without-included-gettext --enable-threads=posix --libdir=/usr/lib --enable-nls --enable-bootstrap --enable-clocale=gnu --enable-libstdcxx-debug --enable-libstdcxx-time=yes --with-default-libstdcxx-abi=new --enable-gnu-unique-object --disable-vtable-verify --enable-plugin --enable-default-pie --with-system-zlib --enable-libphobos-checking=release --with-target-system-zlib=auto --enable-objc-gc=auto --enable-multiarch --disable-werror --enable-cet --with-arch-32=i686 --with-abi=m64 --with-multilib-list=m32,m64,mx32 --enable-multilib --with-tune=generic --enable-offload-targets=nvptx-none=/build/gcc-11-XeT9lY/gcc-11-11.4.0/debian/tmp-nvptx/usr,amdgcn-amdhsa=/build/gcc-11-XeT9lY/gcc-11-11.4.0/debian/tmp-gcn/usr --without-cuda-driver --enable-checking=release --build=x86_64-linux-gnu --host=x86_64-linux-gnu --target=x86_64-linux-gnu --with-build-config=bootstrap-lto-lean --enable-link-serialization=2
Thread model: posix
Supported LTO compression algorithms: zlib zstd
gcc version 11.4.0 (Ubuntu 11.4.0-1ubuntu1~22.04) 
COMPILER_PATH=/usr/lib/gcc/x86_64-linux-gnu/11/:/usr/lib/gcc/x86_64-linux-gnu/11/:/usr/lib/gcc/x86_64-linux-gnu/:/usr/lib/gcc/x86_64-linux-gnu/11/:/usr/lib/gcc/x86_64-linux-gnu/
LIBRARY_PATH=/usr/lib/gcc/x86_64-linux-gnu/11/:/usr/lib/gcc/x86_64-linux-gnu/11/../../../x86_64-linux-gnu/:/usr/lib/gcc/x86_64-linux-gnu/11/../../../../lib/:/lib/x86_64-linux-gnu/:/lib/../lib/:/usr/lib/x86_64-linux-gnu/:/usr/lib/../lib/:/usr/lib/gcc/x86_64-linux-gnu/11/../../../:/lib/:/usr/lib/
COLLECT_GCC_OPTIONS='-v' '-o' 'cmTC_a5c3a' '-mtune=generic' '-march=x86-64' '-dumpdir' 'cmTC_a5c3a.'
 /usr/lib/gcc/x86_64-linux-gnu/11/collect2 -plugin /usr/lib/gcc/x86_64-linux-gnu/11/liblto_plugin.so -plugin-opt=/usr/lib/gcc/x86_64-linux-gnu/11/lto-wrapper -plugin-opt=-fresolution=/tmp/ccHNJg18.res -plugin-opt=-pass-through=-lgcc -plugin-opt=-pass-through=-lgcc_s -plugin-opt=-pass-through=-lc -plugin-opt=-pass-through=-lgcc -plugin-opt=-pass-through=-lgcc_s --build-id --eh-frame-hdr -m elf_x86_64 --hash-style=gnu --as-needed -dynamic-linker /lib64/ld-linux-x86-64.so.2 -pie -z now -z relro -o cmTC_a5c3a /usr/lib/gcc/x86_64-linux-gnu/11/../../../x86_64-linux-gnu/Scrt1.o /usr/lib/gcc/x86_64-linux-gnu/11/../../../x86_64-linux-gnu/crti.o /usr/lib/gcc/x86_64-linux-gnu/11/crtbeginS.o -L/usr/lib/gcc/x86_64-linux-gnu/11 -L/usr/lib/gcc/x86_64-linux-gnu/11/../../../x86_64-linux-gnu -L/usr/lib/gcc/x86_64-linux-gnu/11/../../../../lib -L/lib/x86_64-linux-gnu -L/lib/../lib -L/usr/lib/x86_64-linux-gnu -L/usr/lib/../lib -L/usr/lib/gcc/x86_64-linux-gnu/11/../../.. CMakeFiles/cmTC_a5c3a.dir/CMakeCCompilerABI.c.o -lgcc --push-state --as-needed -lgcc_s --pop-state -lc -lgcc --push-state --as-needed -lgcc_s --pop-state /usr/lib/gcc/x86_64-linux-gnu/11/crtendS.o /usr/lib/gcc/x86_64-linux-gnu/11/../../../x86_64-linux-gnu/crtn.o
COLLECT_GCC_OPTIONS='-v' '-o' 'cmTC_a5c3a' '-mtune=generic' '-march=x86-64' '-dumpdir' 'cmTC_a5c3a.'
gmake[1]: Leaving directory '/home/dilraj/Documents/apitrace/build/CMakeFiles/CMakeTmp'



Parsed C implicit include dir info from above output: rv=done
  found start of include info
  found start of implicit include info
    add: [/usr/lib/gcc/x86_64-linux-gnu/11/include]
    add: [/usr/local/include]
    add: [/usr/include/x86_64-linux-gnu]
    add: [/usr/include]
  end of search list found
  collapse include dir [/usr/lib/gcc/x86_64-linux-gnu/11/include] ==> [/usr/lib/gcc/x86_64-linux-gnu/11/include]
  collapse include dir [/usr/local/include] ==> [/usr/local/include]
  collapse include dir [/usr/include/x86_64-linux-gnu] ==> [/usr/include/x86_64-linux-gnu]
  collapse include dir [/usr/include] ==> [/usr/include]
  implicit include dirs: [/usr/lib/gcc/x86_64-linux-gnu/11/include;/usr/local/include;/usr/include/x86_64-linux-gnu;/usr/include]


Parsed C implicit link information from above output:
  link line regex: [^( *|.*[/\])(ld|CMAKE_LINK_STARTFILE-NOTFOUND|([^/\]+-)?ld|collect2)[^/\]*( |$)]
  ignore line: [Change Dir: /home/dilraj/Documents/apitrace/build/CMakeFiles/CMakeTmp]
  ignore line: []
  ignore line: [Run Build Command(s):/usr/bin/gmake -f Makefile cmTC_a5c3a/fast && /usr/bin/gmake  -f CMakeFiles/cmTC_a5c3a.dir/build.make CMakeFiles/cmTC_a5c3a.dir/build]
  ignore line: [gmake[1]: Entering directory '/home/dilraj/Documents/apitrace/build/CMakeFiles/CMakeTmp']
  ignore line: [Building C object CMakeFiles/cmTC_a5c3a.dir/CMakeCCompilerABI.c.o]
  ignore line: [/usr/bin/cc   -v -o CMakeFiles/cmTC_a5c3a.dir/CMakeCCompilerABI.c.o -c /usr/share/cmake-3.22/Modules/CMakeCCompilerABI.c]
  ignore line: [Using built-in specs.]
  ignore line: [COLLECT_GCC=/usr/bin/cc]
  ignore line: [OFFLOAD_TARGET_NAMES=nvptx-none:amdgcn-amdhsa]
  ignore line: [OFFLOAD_TARGET_DEFAULT=1]
  ignore line: [Target: x86_64-linux-gnu]
  ignore line: [Configured with: ../src/configure -v --with-pkgversion='Ubuntu 11.4.0-1ubuntu1~22.04' --with-bugurl=file:///usr/share/doc/gcc-11/README.Bugs --enable-languages=c ada c++ go brig d fortran objc obj-c++ m2 --prefix=/usr --with-gcc-major-version-only --program-suffix=-11 --program-prefix=x86_64-linux-gnu- --enable-shared --enable-linker-build-id --libexecdir=/usr/lib --without-included-gettext --enable-threads=posix --libdir=/usr/lib --enable-nls --enable-bootstrap --enable-clocale=gnu --enable-libstdcxx-debug --enable-libstdcxx-time=yes --with-default-libstdcxx-abi=new --enable-gnu-unique-object --disable-vtable-verify --enable-plugin --enable-default-pie --with-system-zlib --enable-libphobos-checking=release --with-target-system-zlib=auto --enable-objc-gc=auto --enable-multiarch --disable-werror --enable-cet --with-arch-32=i686 --with-abi=m64 --with-multilib-list=m32 m64 mx32 --enable-multilib --with-tune=generic --enable-offload-targets=nvptx-none=/build/gcc-11-XeT9lY/gcc-11-11.4.0/debian/tmp-nvptx/usr amdgcn-amdhsa=/build/gcc-11-XeT9lY/gcc-11-11.4.0/debian/tmp-gcn/usr --without-cuda-driver --enable-checking=release --build=x86_64-linux-gnu --host=x86_64-linux-gnu --target=x86_64-linux-gnu --with-build-config=bootstrap-lto-lean --enable-link-serialization=2]
  ignore line: [Thread model: posix]
  ignore line: [Supported LTO compression algorithms: zlib zstd]
  ignore line: [gcc version 11.4.0 (Ubuntu 11.4.0-1ubuntu1~22.04) ]
  ignore line: [COLLECT_GCC_OPTIONS='-v' '-o' 'CMakeFiles/cmTC_a5c3a.dir/CMakeCCompilerABI.c.o' '-c' '-mtune=generic' '-march=x86-64' '-dumpdir' 'CMakeFiles/cmTC_a5c3a.dir/']
  ignore line: [ /usr/lib/gcc/x86_64-linux-gnu/11/cc1 -quiet -v -imultiarch x86_64-linux-gnu /usr/share/cmake-3.22/Modules/CMakeCCompilerABI.c -quiet -dumpdir CMakeFiles/cmTC_a5c3a.dir/ -dumpbase CMakeCCompilerABI.c.c -dumpbase-ext .c -mtune=generic -march=x86-64 -version -fasynchronous-unwind-tables -fstack-protector-strong -Wformat -Wformat-security -fstack-clash-protection -fcf-protection -o /tmp/ccI3sS09.s]
  ignore line: [GNU C17 (Ubuntu 11.4.0-1ubuntu1~22.04) version 11.4.0 (x86_64-linux-gnu)]
  ignore line: [	compiled by GNU C version 11.4.0  GMP version 6.2.1  MPFR version 4.1.0  MPC version 1.2.1  isl version isl-0.24-GMP]
  ignore line: []
  ignore line: [GGC heuristics: --param ggc-min-expand=100 --param ggc-min-heapsize=131072]
  ignore line: [ignoring nonexistent directory "/usr/local/include/x86_64-linux-gnu"]
  ignore line: [ignoring nonexistent directory "/usr/lib/gcc/x86_64-linux-gnu/11/include-fixed"]
  ignore line: [ignoring nonexistent directory "/usr/lib/gcc/x86_64-linux-gnu/11/../../../../x86_64-linux-gnu/include"]
  ignore line: [#include "..." search starts here:]
  ignore line: [#include <...> search starts here:]
  ignore line: [ /usr/lib/gcc/x86_64-linux-gnu/11/include]
  ignore line: [ /usr/local/include]
  ignore line: [ /usr/include/x86_64-linux-gnu]
  ignore line: [ /usr/include]
  ignore line: [End of search list.]
  ignore line: [GNU C17 (Ubuntu 11.4.0-1ubuntu1~22.04) version 11.4.0 (x86_64-linux-gnu)]
  ignore line: [	compiled by GNU C version 11.4.0  GMP version 6.2.1  MPFR version 4.1.0  MPC version 1.2.1  isl version isl-0.24-GMP]
  ignore line: []
  ignore line: [GGC heuristics: --param ggc-min-expand=100 --param ggc-min-heapsize=131072]
  ignore line: [Compiler executable checksum: 50eaa2331df977b8016186198deb2d18]
  ignore line: [COLLECT_GCC_OPTIONS='-v' '-o' 'CMakeFiles/cmTC_a5c3a.dir/CMakeCCompilerABI.c.o' '-c' '-mtune=generic' '-march=x86-64' '-dumpdir' 'CMakeFiles/cmTC_a5c3a.dir/']
  ignore line: [ as -v --64 -o CMakeFiles/cmTC_a5c3a.dir/CMakeCCompilerABI.c.o /tmp/ccI3sS09.s]
  ignore line: [GNU assembler version 2.38 (x86_64-linux-gnu) using BFD version (GNU Binutils for Ubuntu) 2.38]
  ignore line: [COMPILER_PATH=/usr/lib/gcc/x86_64-linux-gnu/11/:/usr/lib/gcc/x86_64-linux-gnu/11/:/usr/lib/gcc/x86_64-linux-gnu/:/usr/lib/gcc/x86_64-linux-gnu/11/:/usr/lib/gcc/x86_64-linux-gnu/]
  ignore line: [LIBRARY_PATH=/usr/lib/gcc/x86_64-linux-gnu/11/:/usr/lib/gcc/x86_64-linux-gnu/11/../../../x86_64-linux-gnu/:/usr/lib/gcc/x86_64-linux-gnu/11/../../../../lib/:/lib/x86_64-linux-gnu/:/lib/../lib/:/usr/lib/x86_64-linux-gnu/:/usr/lib/../lib/:/usr/lib/gcc/x86_64-linux-gnu/11/../../../:/lib/:/usr/lib/]
  ignore line: [COLLECT_GCC_OPTIONS='-v' '-o' 'CMakeFiles/cmTC_a5c3a.dir/CMakeCCompilerABI.c.o' '-c' '-mtune=generic' '-march=x86-64' '-dumpdir' 'CMakeFiles/cmTC_a5c3a.dir/CMakeCCompilerABI.c.']
  ignore line: [Linking C executable cmTC_a5c3a]
  ignore line: [/usr/bin/cmake -E cmake_link_script CMakeFiles/cmTC_a5c3a.dir/link.txt --verbose=1]
  ignore line: [/usr/bin/cc  -v CMakeFiles/cmTC_a5c3a.dir/CMakeCCompilerABI.c.o -o cmTC_a5c3a ]
  ignore line: [Using built-in specs.]
  ignore line: [COLLECT_GCC=/usr/bin/cc]
  ignore line: [COLLECT_LTO_WRAPPER=/usr/lib/gcc/x86_64-linux-gnu/11/lto-wrapper]
  ignore line: [OFFLOAD_TARGET_NAMES=nvptx-none:amdgcn-amdhsa]
  ignore line: [OFFLOAD_TARGET_DEFAULT=1]
  ignore line: [Target: x86_64-linux-gnu]
  ignore line: [Configured with: ../src/configure -v --with-pkgversion='Ubuntu 11.4.0-1ubuntu1~22.04' --with-bugurl=file:///usr/share/doc/gcc-11/README.Bugs --enable-languages=c ada c++ go brig d fortran objc obj-c++ m2 --prefix=/usr --with-gcc-major-version-only --program-suffix=-11 --program-prefix=x86_64-linux-gnu- --enable-shared --enable-linker-build-id --libexecdir=/usr/lib --without-included-gettext --enable-threads=posix --libdir=/usr/lib --enable-nls --enable-bootstrap --enable-clocale=gnu --enable-libstdcxx-debug --enable-libstdcxx-time=yes --with-default-libstdcxx-abi=new --enable-gnu-unique-object --disable-vtable-verify --enable-plugin --enable-default-pie --with-system-zlib --enable-libphobos-checking=release --with-target-system-zlib=auto --enable-objc-gc=auto --enable-multiarch --disable-werror --enable-cet --with-arch-32=i686 --with-abi=m64 --with-multilib-list=m32 m64 mx32 --enable-multilib --with-tune=generic --enable-offload-targets=nvptx-none=/build/gcc-11-XeT9lY/gcc-11-11.4.0/debian/tmp-nvptx/usr amdgcn-amdhsa=/build/gcc-11-XeT9lY/gcc-11-11.4.0/debian/tmp-gcn/usr --without-cuda-driver --enable-checking=release --build=x86_64-linux-gnu --host=x86_64-linux-gnu --target=x86_64-linux-gnu --with-build-config=bootstrap-lto-lean --enable-link-serialization=2]
  ignore line: [Thread model: posix]
  ignore line: [Supported LTO compression algorithms: zlib zstd]
  ignore line: [gcc version 11.4.0 (Ubuntu 11.4.0-1ubuntu1~22.04) ]
  ignore line: [COMPILER_PATH=/usr/lib/gcc/x86_64-linux-gnu/11/:/usr/lib/gcc/x86_64-linux-gnu/11/:/usr/lib/gcc/x86_64-linux-gnu/:/usr/lib/gcc/x86_64-linux-gnu/11/:/usr/lib/gcc/x86_64-linux-gnu/]
  ignore line: [LIBRARY_PATH=/usr/lib/gcc/x86_64-linux-gnu/11/:/usr/lib/gcc/x86_64-linux-gnu/11/../../../x86_64-linux-gnu/:/usr/lib/gcc/x86_64-linux-gnu/11/../../../../lib/:/lib/x86_64-linux-gnu/:/lib/../lib/:/usr/lib/x86_64-linux-gnu/:/usr/lib/../lib/:/usr/lib/gcc/x86_64-linux-gnu/11/../../../:/lib/:/usr/lib/]
  ignore line: [COLLECT_GCC_OPTIONS='-v' '-o' 'cmTC_a5c3a' '-mtune=generic' '-march=x86-64' '-dumpdir' 'cmTC_a5c3a.']
  link line: [ /usr/lib/gcc/x86_64-linux-gnu/11/collect2 -plugin /usr/lib/gcc/x86_64-linux-gnu/11/liblto_plugin.so -plugin-opt=/usr/lib/gcc/x86_64-linux-gnu/11/lto-wrapper -plugin-opt=-fresolution=/tmp/ccHNJg18.res -plugin-opt=-pass-through=-lgcc -plugin-opt=-pass-through=-lgcc_s -plugin-opt=-pass-through=-lc -plugin-opt=-pass-through=-lgcc -plugin-opt=-pass-through=-lgcc_s --build-id --eh-frame-hdr -m elf_x86_64 --hash-style=gnu --as-needed -dynamic-linker /lib64/ld-linux-x86-64.so.2 -pie -z now -z relro -o cmTC_a5c3a /usr/lib/gcc/x86_64-linux-gnu/11/../../../x86_64-linux-gnu/Scrt1.o /usr/lib/gcc/x86_64-linux-gnu/11/../../../x86_64-linux-gnu/crti.o /usr/lib/gcc/x86_64-linux-gnu/11/crtbeginS.o -L/usr/lib/gcc/x86_64-linux-gnu/11 -L/usr/lib/gcc/x86_64-linux-gnu/11/../../../x86_64-linux-gnu -L/usr/lib/gcc/x86_64-linux-gnu/11/../../../../lib -L/lib/x86_64-linux-gnu -L/lib/../lib -L/usr/lib/x86_64-linux-gnu -L/usr/lib/../lib -L/usr/lib/gcc/x86_64-linux-gnu/11/../../.. CMakeFiles/cmTC_a5c3a.dir/CMakeCCompilerABI.c.o -lgcc --push-state --as-needed -lgcc_s --pop-state -lc -lgcc --push-state --as-needed -lgcc_s --pop-state /usr/lib/gcc/x86_64-linux-gnu/11/crtendS.o /usr/lib/gcc/x86_64-linux-gnu/11/../../../x86_64-linux-gnu/crtn.o]
    arg [/usr/lib/gcc/x86_64-linux-gnu/11/collect2] ==> ignore
    arg [-plugin] ==> ignore
    arg [/usr/lib/gcc/x86_64-linux-gnu/11/liblto_plugin.so] ==> ignore
    arg [-plugin-opt=/usr/lib/gcc/x86_64-linux-gnu/11/lto-wrapper] ==> ignore
    arg [-plugin-opt=-fresolution=/tmp/ccHNJg18.res] ==> ignore
    arg [-plugin-opt=-pass-through=-lgcc] ==> ignore
    arg [-plugin-opt=-pass-through=-lgcc_s] ==> ignore
    arg [-plugin-opt=-pass-through=-lc] ==> ignore
    arg [-plugin-opt=-pass-through=-lgcc] ==> ignore
    arg [-plugin-opt=-pass-through=-lgcc_s] ==> ignore
    arg [--build-id] ==> ignore
    arg [--eh-frame-hdr] ==> ignore
    arg [-m] ==> ignore
    arg [elf_x86_64] ==> ignore
    arg [--hash-style=gnu] ==> ignore
    arg [--as-needed] ==> ignore
    arg [-dynamic-linker] ==> ignore
    arg [/lib64/ld-linux-x86-64.so.2] ==> ignore
    arg [-pie] ==> ignore
    arg [-znow] ==> ignore
    arg [-zrelro] ==> ignore
    arg [-o] ==> ignore
    arg [cmTC_a5c3a] ==> ignore
    arg [/usr/lib/gcc/x86_64-linux-gnu/11/../../../x86_64-linux-gnu/Scrt1.o] ==> obj [/usr/lib/gcc/x86_64-linux-gnu/11/../../../x86_64-linux-gnu/Scrt1.o]
    arg [/usr/lib/gcc/x86_64-linux-gnu/11/../../../x86_64-linux-gnu/crti.o] ==> obj [/usr/lib/gcc/x86_64-linux-gnu/11/../../../x86_64-linux-gnu/crti.o]
    arg [/usr/lib/gcc/x86_64-linux-gnu/11/crtbeginS.o] ==> obj [/usr/lib/gcc/x86_64-linux-gnu/11/crtbeginS.o]
    arg [-L/usr/lib/gcc/x86_64-linux-gnu/11] ==> dir [/usr/lib/gcc/x86_64-linux-gnu/11]
    arg [-L/usr/lib/gcc/x86_64-linux-gnu/11/../../../x86_64-linux-gnu] ==> dir [/usr/lib/gcc/x86_64-linux-gnu/11/../../../x86_64-linux-gnu]
    arg [-L/usr/lib/gcc/x86_64-linux-gnu/11/../../../../lib] ==> dir [/usr/lib/gcc/x86_64-linux-gnu/11/../../../../lib]
    arg [-L/lib/x86_64-linux-gnu] ==> dir [/lib/x86_64-linux-gnu]
    arg [-L/lib/../lib] ==> dir [/lib/../lib]
    arg [-L/usr/lib/x86_64-linux-gnu] ==> dir [/usr/lib/x86_64-linux-gnu]
    arg [-L/usr/lib/../lib] ==> dir [/usr/lib/../lib]
    arg [-L/usr/lib/gcc/x86_64-linux-gnu/11/../../..] ==> dir [/usr/lib/gcc/x86_64-linux-gnu/11/../../..]
    arg [CMakeFiles/cmTC_a5c3a.dir/CMakeCCompilerABI.c.o] ==> ignore
    arg [-lgcc] ==> lib [gcc]
    arg [--push-state] ==> ignore
    arg [--as-needed] ==> ignore
    arg [-lgcc_s] ==> lib [gcc_s]
    arg [--pop-state] ==> ignore
    arg [-lc] ==> lib [c]
    arg [-lgcc] ==> lib [gcc]
    arg [--push-state] ==> ignore
    arg [--as-needed] ==> ignore
    arg [-lgcc_s] ==> lib [gcc_s]
    arg [--pop-state] ==> ignore
    arg [/usr/lib/gcc/x86_64-linux-gnu/11/crtendS.o] ==> obj [/usr/lib/gcc/x86_64-linux-gnu/11/crtendS.o]
    arg [/usr/lib/gcc/x86_64-linux-gnu/11/../../../x86_64-linux-gnu/crtn.o] ==> obj [/usr/lib/gcc/x86_64-linux-gnu/11/../../../x86_64-linux-gnu/crtn.o]
  collapse obj [/usr/lib/gcc/x86_64-linux-gnu/11/../../../x86_64-linux-gnu/Scrt1.o] ==> [/usr/lib/x86_64-linux-gnu/Scrt1.o]
  collapse obj [/usr/lib/gcc/x86_64-linux-gnu/11/../../../x86_64-linux-gnu/crti.o] ==> [/usr/lib/x86_64-linux-gnu/crti.o]
  collapse obj [/usr/lib/gcc/x86_64-linux-gnu/11/../../../x86_64-linux-gnu/crtn.o] ==> [/usr/lib/x86_64-linux-gnu/crtn.o]
  collapse library dir [/usr/lib/gcc/x86_64-linux-gnu/11] ==> [/usr/lib/gcc/x86_64-linux-gnu/11]
  collapse library dir [/usr/lib/gcc/x86_64-linux-gnu/11/../../../x86_64-linux-gnu] ==> [/usr/lib/x86_64-linux-gnu]
  collapse library dir [/usr/lib/gcc/x86_64-linux-gnu/11/../../../../lib] ==> [/usr/lib]
  collapse library dir [/lib/x86_64-linux-gnu] ==> [/lib/x86_64-linux-gnu]
  collapse library dir [/lib/../lib] ==> [/lib]
  collapse library dir [/usr/lib/x86_64-linux-gnu] ==> [/usr/lib/x86_64-linux-gnu]
  collapse library dir [/usr/lib/../lib] ==> [/usr/lib]
  collapse library dir [/usr/lib/gcc/x86_64-linux-gnu/11/../../..] ==> [/usr/lib]
  implicit libs: [gcc;gcc_s;c;gcc;gcc_s]
  implicit objs: [/usr/lib/x86_64-linux-gnu/Scrt1.o;/usr/lib/x86_64-linux-gnu/crti.o;/usr/lib/gcc/x86_64-linux-gnu/11/crtbeginS.o;/usr/lib/gcc/x86_64-linux-gnu/11/crtendS.o;/usr/lib/x86_64-linux-gnu/crtn.o]
  implicit dirs: [/usr/lib/gcc/x86_64-linux-gnu/11;/usr/lib/x86_64-linux-gnu;/usr/lib;/lib/x86_64-linux-gnu;/lib]
  implicit fwks: []


Detecting CXX compiler ABI info compiled with the following output:
Change Dir: /home/dilraj/Documents/apitrace/build/CMakeFiles/CMakeTmp

Run Build Command(s):/usr/bin/gmake -f Makefile cmTC_78780/fast && /usr/bin/gmake  -f CMakeFiles/cmTC_78780.dir/build.make CMakeFiles/cmTC_78780.dir/build
gmake[1]: Entering directory '/home/dilraj/Documents/apitrace/build/CMakeFiles/CMakeTmp'
Building CXX object CMakeFiles/cmTC_78780.dir/CMakeCXXCompilerABI.cpp.o
/usr/bin/c++   -v -o CMakeFiles/cmTC_78780.dir/CMakeCXXCompilerABI.cpp.o -c /usr/share/cmake-3.22/Modules/CMakeCXXCompilerABI.cpp
Using built-in specs.
COLLECT_GCC=/usr/bin/c++
OFFLOAD_TARGET_NAMES=nvptx-none:amdgcn-amdhsa
OFFLOAD_TARGET_DEFAULT=1
Target: x86_64-linux-gnu
Configured with: ../src/configure -v --with-pkgversion='Ubuntu 11.4.0-1ubuntu1~22.04' --with-bugurl=file:///usr/share/doc/gcc-11/README.Bugs --enable-languages=c,ada,c++,go,brig,d,fortran,objc,obj-c++,m2 --prefix=/usr --with-gcc-major-version-only --program-suffix=-11 --program-prefix=x86_64-linux-gnu- --enable-shared --enable-linker-build-id --libexecdir=/usr/lib --without-included-gettext --enable-threads=posix --libdir=/usr/lib --enable-nls --enable-bootstrap --enable-clocale=gnu --enable-libstdcxx-debug --enable-libstdcxx-time=yes --with-default-libstdcxx-abi=new --enable-gnu-unique-object --disable-vtable-verify --enable-plugin --enable-default-pie --with-system-zlib --enable-libphobos-checking=release --with-target-system-zlib=auto --enable-objc-gc=auto --enable-multiarch --disable-werror --enable-cet --with-arch-32=i686 --with-abi=m64 --with-multilib-list=m32,m64,mx32 --enable-multilib --with-tune=generic --enable-offload-targets=nvptx-none=/build/gcc-11-XeT9lY/gcc-11-11.4.0/debian/tmp-nvptx/usr,amdgcn-amdhsa=/build/gcc-11-XeT9lY/gcc-11-11.4.0/debian/tmp-gcn/usr --without-cuda-driver --enable-checking=release --build=x86_64-linux-gnu --host=x86_64-linux-gnu --target=x86_64-linux-gnu --with-build-config=bootstrap-lto-lean --enable-link-serialization=2
Thread model: posix
Supported LTO compression algorithms: zlib zstd
gcc version 11.4.0 (Ubuntu 11.4.0-1ubuntu1~22.04) 
COLLECT_GCC_OPTIONS='-v' '-o' 'CMakeFiles/cmTC_78780.dir/CMakeCXXCompilerABI.cpp.o' '-c' '-shared-libgcc' '-mtune=generic' '-march=x86-64' '-dumpdir' 'CMakeFiles/cmTC_78780.dir/'
 /usr/lib/gcc/x86_64-linux-gnu/11/cc1plus -quiet -v -imultiarch x86_64-linux-gnu -D_GNU_SOURCE /usr/share/cmake-3.22/Modules/CMakeCXXCompilerABI.cpp -quiet -dumpdir CMakeFiles/cmTC_78780.dir/ -dumpbase CMakeCXXCompilerABI.cpp.cpp -dumpbase-ext .cpp -mtune=generic -march=x86-64 -version -fasynchronous-unwind-tables -fstack-protector-strong -Wformat -Wformat-security -fstack-clash-protection -fcf-protection -o /tmp/ccWQir2z.s
GNU C++17 (Ubuntu 11.4.0-1ubuntu1~22.04) version 11.4.0 (x86_64-linux-gnu)
	compiled by GNU C version 11.4.0, GMP version 6.2.1, MPFR version 4.1.0, MPC version 1.2.1, isl version isl-0.24-GMP

GGC heuristics: --param ggc-min-expand=100 --param ggc-min-heapsize=131072
ignoring duplicate directory "/usr/include/x86_64-linux-gnu/c++/11"
ignoring nonexistent directory "/usr/local/include/x86_64-linux-gnu"
ignoring nonexistent directory "/usr/lib/gcc/x86_64-linux-gnu/11/include-fixed"
ignoring nonexistent directory "/usr/lib/gcc/x86_64-linux-gnu/11/../../../../x86_64-linux-gnu/include"
#include "..." search starts here:
#include <...> search starts here:
 /usr/include/c++/11
 /usr/include/x86_64-linux-gnu/c++/11
 /usr/include/c++/11/backward
 /usr/lib/gcc/x86_64-linux-gnu/11/include
 /usr/local/include
 /usr/include/x86_64-linux-gnu
 /usr/include
End of search list.
GNU C++17 (Ubuntu 11.4.0-1ubuntu1~22.04) version 11.4.0 (x86_64-linux-gnu)
	compiled by GNU C version 11.4.0, GMP version 6.2.1, MPFR version 4.1.0, MPC version 1.2.1, isl version isl-0.24-GMP

GGC heuristics: --param ggc-min-expand=100 --param ggc-min-heapsize=131072
Compiler executable checksum: d591828bb4d392ae8b7b160e5bb0b95f
COLLECT_GCC_OPTIONS='-v' '-o' 'CMakeFiles/cmTC_78780.dir/CMakeCXXCompilerABI.cpp.o' '-c' '-shared-libgcc' '-mtune=generic' '-march=x86-64' '-dumpdir' 'CMakeFiles/cmTC_78780.dir/'
 as -v --64 -o CMakeFiles/cmTC_78780.dir/CMakeCXXCompilerABI.cpp.o /tmp/ccWQir2z.s
GNU assembler version 2.38 (x86_64-linux-gnu) using BFD version (GNU Binutils for Ubuntu) 2.38
COMPILER_PATH=/usr/lib/gcc/x86_64-linux-gnu/11/:/usr/lib/gcc/x86_64-linux-gnu/11/:/usr/lib/gcc/x86_64-linux-gnu/:/usr/lib/gcc/x86_64-linux-gnu/11/:/usr/lib/gcc/x86_64-linux-gnu/
LIBRARY_PATH=/usr/lib/gcc/x86_64-linux-gnu/11/:/usr/lib/gcc/x86_64-linux-gnu/11/../../../x86_64-linux-gnu/:/usr/lib/gcc/x86_64-linux-gnu/11/../../../../lib/:/lib/x86_64-linux-gnu/:/lib/../lib/:/usr/lib/x86_64-linux-gnu/:/usr/lib/../lib/:/usr/lib/gcc/x86_64-linux-gnu/11/../../../:/lib/:/usr/lib/
COLLECT_GCC_OPTIONS='-v' '-o' 'CMakeFiles/cmTC_78780.dir/CMakeCXXCompilerABI.cpp.o' '-c' '-shared-libgcc' '-mtune=generic' '-march=x86-64' '-dumpdir' 'CMakeFiles/cmTC_78780.dir/CMakeCXXCompilerABI.cpp.'
Linking CXX executable cmTC_78780
/usr/bin/cmake -E cmake_link_script CMakeFiles/cmTC_78780.dir/link.txt --verbose=1
/usr/bin/c++  -v CMakeFiles/cmTC_78780.dir/CMakeCXXCompilerABI.cpp.o -o cmTC_78780 
Using built-in specs.
COLLECT_GCC=/usr/bin/c++
COLLECT_LTO_WRAPPER=/usr/lib/gcc/x86_64-linux-gnu/11/lto-wrapper
OFFLOAD_TARGET_NAMES=nvptx-none:amdgcn-amdhsa
OFFLOAD_TARGET_DEFAULT=1
Target: x86_64-linux-gnu
Configured with: ../src/configure -v --with-pkgversion='Ubuntu 11.4.0-1ubuntu1~22.04' --with-bugurl=file:///usr/share/doc/gcc-11/README.Bugs --enable-languages=c,ada,c++,go,brig,d,fortran,objc,obj-c++,m2 --prefix=/usr --with-gcc-major-version-only --program-suffix=-11 --program-prefix=x86_64-linux-gnu- --enable-shared --enable-linker-build-id --libexecdir=/usr/lib --without-included-gettext --enable-threads=posix --libdir=/usr/lib --enable-nls --enable-bootstrap --enable-clocale=gnu --enable-libstdcxx-debug --enable-libstdcxx-time=yes --with-default-libstdcxx-abi=new --enable-gnu-unique-object --disable-vtable-verify --enable-plugin --enable-default-pie --with-system-zlib --enable-libphobos-checking=release --with-target-system-zlib=auto --enable-objc-gc=auto --enable-multiarch --disable-werror --enable-cet --with-arch-32=i686 --with-abi=m64 --with-multilib-list=m32,m64,mx32 --enable-multilib --with-tune=generic --enable-offload-targets=nvptx-none=/build/gcc-11-XeT9lY/gcc-11-11.4.0/debian/tmp-nvptx/usr,amdgcn-amdhsa=/build/gcc-11-XeT9lY/gcc-11-11.4.0/debian/tmp-gcn/usr --without-cuda-driver --enable-checking=release --build=x86_64-linux-gnu --host=x86_64-linux-gnu --target=x86_64-linux-gnu --with-build-config=bootstrap-lto-lean --enable-link-serialization=2
Thread model: posix
Supported LTO compression algorithms: zlib zstd
gcc version 11.4.0 (Ubuntu 11.4.0-1ubuntu1~22.04) 
COMPILER_PATH=/usr/lib/gcc/x86_64-linux-gnu/11/:/usr/lib/gcc/x86_64-linux-gnu/11/:/usr/lib/gcc/x86_64-linux-gnu/:/usr/lib/gcc/x86_64-linux-gnu/11/:/usr/lib/gcc/x86_64-linux-gnu/
LIBRARY_PATH=/usr/lib/gcc/x86_64-linux-gnu/11/:/usr/lib/gcc/x86_64-linux-gnu/11/../../../x86_64-linux-gnu/:/usr/lib/gcc/x86_64-linux-gnu/11/../../../../lib/:/lib/x86_64-linux-gnu/:/lib/../lib/:/usr/lib/x86_64-linux-gnu/:/usr/lib/../lib/:/usr/lib/gcc/x86_64-linux-gnu/11/../../../:/lib/:/usr/lib/
COLLECT_GCC_OPTIONS='-v' '-o' 'cmTC_78780' '-shared-libgcc' '-mtune=generic' '-march=x86-64' '-dumpdir' 'cmTC_78780.'
 /usr/lib/gcc/x86_64-linux-gnu/11/collect2 -plugin /usr/lib/gcc/x86_64-linux-gnu/11/liblto_plugin.so -plugin-opt=/usr/lib/gcc/x86_64-linux-gnu/11/lto-wrapper -plugin-opt=-fresolution=/tmp/cc3eNLTF.res -plugin-opt=-pass-through=-lgcc_s -plugin-opt=-pass-through=-lgcc -plugin-opt=-pass-through=-lc -plugin-opt=-pass-through=-lgcc_s -plugin-opt=-pass-through=-lgcc --build-id --eh-frame-hdr -m elf_x86_64 --hash-style=gnu --as-needed -dynamic-linker /lib64/ld-linux-x86-64.so.2 -pie -z now -z relro -o cmTC_78780 /usr/lib/gcc/x86_64-linux-gnu/11/../../../x86_64-linux-gnu/Scrt1.o /usr/lib/gcc/x86_64-linux-gnu/11/../../../x86_64-linux-gnu/crti.o /usr/lib/gcc/x86_64-linux-gnu/11/crtbeginS.o -L/usr/lib/gcc/x86_64-linux-gnu/11 -L/usr/lib/gcc/x86_64-linux-gnu/11/../../../x86_64-linux-gnu -L/usr/lib/gcc/x86_64-linux-gnu/11/../../../../lib -L/lib/x86_64-linux-gnu -L/lib/../lib -L/usr/lib/x86_64-linux-gnu -L/usr/lib/../lib -L/usr/lib/gcc/x86_64-linux-gnu/11/../../.. CMakeFiles/cmTC_78780.dir/CMakeCXXCompilerABI.cpp.o -lstdc++ -lm -lgcc_s -lgcc -lc -lgcc_s -lgcc /usr/lib/gcc/x86_64-linux-gnu/11/crtendS.o /usr/lib/gcc/x86_64-linux-gnu/11/../../../x86_64-linux-gnu/crtn.o
COLLECT_GCC_OPTIONS='-v' '-o' 'cmTC_78780' '-shared-libgcc' '-mtune=generic' '-march=x86-64' '-dumpdir' 'cmTC_78780.'
gmake[1]: Leaving directory '/home/dilraj/Documents/apitrace/build/CMakeFiles/CMakeTmp'



Parsed CXX implicit include dir info from above output: rv=done
  found start of include info
  found start of implicit include info
    add: [/usr/include/c++/11]
    add: [/usr/include/x86_64-linux-gnu/c++/11]
    add: [/usr/include/c++/11/backward]
    add: [/usr/lib/gcc/x86_64-linux-gnu/11/include]
    add: [/usr/local/include]
    add: [/usr/include/x86_64-linux-gnu]
    add: [/usr/include]
  end of search list found
  collapse include dir [/usr/include/c++/11] ==> [/usr/include/c++/11]
  collapse include dir [/usr/include/x86_64-linux-gnu/c++/11] ==> [/usr/include/x86_64-linux-gnu/c++/11]
  collapse include dir [/usr/include/c++/11/backward] ==> [/usr/include/c++/11/backward]
  collapse include dir [/usr/lib/gcc/x86_64-linux-gnu/11/include] ==> [/usr/lib/gcc/x86_64-linux-gnu/11/include]
  collapse include dir [/usr/local/include] ==> [/usr/local/include]
  collapse include dir [/usr/include/x86_64-linux-gnu] ==> [/usr/include/x86_64-linux-gnu]
  collapse include dir [/usr/include] ==> [/usr/include]
  implicit include dirs: [/usr/include/c++/11;/usr/include/x86_64-linux-gnu/c++/11;/usr/include/c++/11/backward;/usr/lib/gcc/x86_64-linux-gnu/11/include;/usr/local/include;/usr/include/x86_64-linux-gnu;/usr/include]


Parsed CXX implicit link information from above output:
  link line regex: [^( *|.*[/\])(ld|CMAKE_LINK_STARTFILE-NOTFOUND|([^/\]+-)?ld|collect2)[^/\]*( |$)]
  ignore line: [Change Dir: /home/dilraj/Documents/apitrace/build/CMakeFiles/CMakeTmp]
  ignore line: []
  ignore line: [Run Build Command(s):/usr/bin/gmake -f Makefile cmTC_78780/fast && /usr/bin/gmake  -f CMakeFiles/cmTC_78780.dir/build.make CMakeFiles/cmTC_78780.dir/build]
  ignore line: [gmake[1]: Entering directory '/home/dilraj/Documents/apitrace/build/CMakeFiles/CMakeTmp']
  ignore line: [Building CXX object CMakeFiles/cmTC_78780.dir/CMakeCXXCompilerABI.cpp.o]
  ignore line: [/usr/bin/c++   -v -o CMakeFiles/cmTC_78780.dir/CMakeCXXCompilerABI.cpp.o -c /usr/share/cmake-3.22/Modules/CMakeCXXCompilerABI.cpp]
  ignore line: [Using built-in specs.]
  ignore line: [COLLECT_GCC=/usr/bin/c++]
  ignore line: [OFFLOAD_TARGET_NAMES=nvptx-none:amdgcn-amdhsa]
  ignore line: [OFFLOAD_TARGET_DEFAULT=1]
  ignore line: [Target: x86_64-linux-gnu]
  ignore line: [Configured with: ../src/configure -v --with-pkgversion='Ubuntu 11.4.0-1ubuntu1~22.04' --with-bugurl=file:///usr/share/doc/gcc-11/README.Bugs --enable-languages=c ada c++ go brig d fortran objc obj-c++ m2 --prefix=/usr --with-gcc-major-version-only --program-suffix=-11 --program-prefix=x86_64-linux-gnu- --enable-shared --enable-linker-build-id --libexecdir=/usr/lib --without-included-gettext --enable-threads=posix --libdir=/usr/lib --enable-nls --enable-bootstrap --enable-clocale=gnu --enable-libstdcxx-debug --enable-libstdcxx-time=yes --with-default-libstdcxx-abi=new --enable-gnu-unique-object --disable-vtable-verify --enable-plugin --enable-default-pie --with-system-zlib --enable-libphobos-checking=release --with-target-system-zlib=auto --enable-objc-gc=auto --enable-multiarch --disable-werror --enable-cet --with-arch-32=i686 --with-abi=m64 --with-multilib-list=m32 m64 mx32 --enable-multilib --with-tune=generic --enable-offload-targets=nvptx-none=/build/gcc-11-XeT9lY/gcc-11-11.4.0/debian/tmp-nvptx/usr amdgcn-amdhsa=/build/gcc-11-XeT9lY/gcc-11-11.4.0/debian/tmp-gcn/usr --without-cuda-driver --enable-checking=release --build=x86_64-linux-gnu --host=x86_64-linux-gnu --target=x86_64-linux-gnu --with-build-config=bootstrap-lto-lean --enable-link-serialization=2]
  ignore line: [Thread model: posix]
  ignore line: [Supported LTO compression algorithms: zlib zstd]
  ignore line: [gcc version 11.4.0 (Ubuntu 11.4.0-1ubuntu1~22.04) ]
  ignore line: [COLLECT_GCC_OPTIONS='-v' '-o' 'CMakeFiles/cmTC_78780.dir/CMakeCXXCompilerABI.cpp.o' '-c' '-shared-libgcc' '-mtune=generic' '-march=x86-64' '-dumpdir' 'CMakeFiles/cmTC_78780.dir/']
  ignore line: [ /usr/lib/gcc/x86_64-linux-gnu/11/cc1plus -quiet -v -imultiarch x86_64-linux-gnu -D_GNU_SOURCE /usr/share/cmake-3.22/Modules/CMakeCXXCompilerABI.cpp -quiet -dumpdir CMakeFiles/cmTC_78780.dir/ -dumpbase CMakeCXXCompilerABI.cpp.cpp -dumpbase-ext .cpp -mtune=generic -march=x86-64 -version -fasynchronous-unwind-tables -fstack-protector-strong -Wformat -Wformat-security -fstack-clash-protection -fcf-protection -o /tmp/ccWQir2z.s]
  ignore line: [GNU C++17 (Ubuntu 11.4.0-1ubuntu1~22.04) version 11.4.0 (x86_64-linux-gnu)]
  ignore line: [	compiled by GNU C version 11.4.0  GMP version 6.2.1  MPFR version 4.1.0  MPC version 1.2.1  isl version isl-0.24-GMP]
  ignore line: []
  ignore line: [GGC heuristics: --param ggc-min-expand=100 --param ggc-min-heapsize=131072]
  ignore line: [ignoring duplicate directory "/usr/include/x86_64-linux-gnu/c++/11"]
  ignore line: [ignoring nonexistent directory "/usr/local/include/x86_64-linux-gnu"]
  ignore line: [ignoring nonexistent directory "/usr/lib/gcc/x86_64-linux-gnu/11/include-fixed"]
  ignore line: [ignoring nonexistent directory "/usr/lib/gcc/x86_64-linux-gnu/11/../../../../x86_64-linux-gnu/include"]
  ignore line: [#include "..." search starts here:]
  ignore line: [#include <...> search starts here:]
  ignore line: [ /usr/include/c++/11]
  ignore line: [ /usr/include/x86_64-linux-gnu/c++/11]
  ignore line: [ /usr/include/c++/11/backward]
  ignore line: [ /usr/lib/gcc/x86_64-linux-gnu/11/include]
  ignore line: [ /usr/local/include]
  ignore line: [ /usr/include/x86_64-linux-gnu]
  ignore line: [ /usr/include]
  ignore line: [End of search list.]
  ignore line: [GNU C++17 (Ubuntu 11.4.0-1ubuntu1~22.04) version 11.4.0 (x86_64-linux-gnu)]
  ignore line: [	compiled by GNU C version 11.4.0  GMP version 6.2.1  MPFR version 4.1.0  MPC version 1.2.1  isl version isl-0.24-GMP]
  ignore line: []
  ignore line: [GGC heuristics: --param ggc-min-expand=100 --param ggc-min-heapsize=131072]
  ignore line: [Compiler executable checksum: d591828bb4d392ae8b7b160e5bb0b95f]
  ignore line: [COLLECT_GCC_OPTIONS='-v' '-o' 'CMakeFiles/cmTC_78780.dir/CMakeCXXCompilerABI.cpp.o' '-c' '-shared-libgcc' '-mtune=generic' '-march=x86-64' '-dumpdir' 'CMakeFiles/cmTC_78780.dir/']
  ignore line: [ as -v --64 -o CMakeFiles/cmTC_78780.dir/CMakeCXXCompilerABI.cpp.o /tmp/ccWQir2z.s]
  ignore line: [GNU assembler version 2.38 (x86_64-linux-gnu) using BFD version (GNU Binutils for Ubuntu) 2.38]
  ignore line: [COMPILER_PATH=/usr/lib/gcc/x86_64-linux-gnu/11/:/usr/lib/gcc/x86_64-linux-gnu/11/:/usr/lib/gcc/x86_64-linux-gnu/:/usr/lib/gcc/x86_64-linux-gnu/11/:/usr/lib/gcc/x86_64-linux-gnu/]
  ignore line: [LIBRARY_PATH=/usr/lib/gcc/x86_64-linux-gnu/11/:/usr/lib/gcc/x86_64-linux-gnu/11/../../../x86_64-linux-gnu/:/usr/lib/gcc/x86_64-linux-gnu/11/../../../../lib/:/lib/x86_64-linux-gnu/:/lib/../lib/:/usr/lib/x86_64-linux-gnu/:/usr/lib/../lib/:/usr/lib/gcc/x86_64-linux-gnu/11/../../../:/lib/:/usr/lib/]
  ignore line: [COLLECT_GCC_OPTIONS='-v' '-o' 'CMakeFiles/cmTC_78780.dir/CMakeCXXCompilerABI.cpp.o' '-c' '-shared-libgcc' '-mtune=generic' '-march=x86-64' '-dumpdir' 'CMakeFiles/cmTC_78780.dir/CMakeCXXCompilerABI.cpp.']
  ignore line: [Linking CXX executable cmTC_78780]
  ignore line: [/usr/bin/cmake -E cmake_link_script CMakeFiles/cmTC_78780.dir/link.txt --verbose=1]
  ignore line: [/usr/bin/c++  -v CMakeFiles/cmTC_78780.dir/CMakeCXXCompilerABI.cpp.o -o cmTC_78780 ]
  ignore line: [Using built-in specs.]
  ignore line: [COLLECT_GCC=/usr/bin/c++]
  ignore line: [COLLECT_LTO_WRAPPER=/usr/lib/gcc/x86_64-linux-gnu/11/lto-wrapper]
  ignore line: [OFFLOAD_TARGET_NAMES=nvptx-none:amdgcn-amdhsa]
  ignore line: [OFFLOAD_TARGET_DEFAULT=1]
  ignore line: [Target: x86_64-linux-gnu]
  ignore line: [Configured with: ../src/configure -v --with-pkgversion='Ubuntu 11.4.0-1ubuntu1~22.04' --with-bugurl=file:///usr/share/doc/gcc-11/README.Bugs --enable-languages=c ada c++ go brig d fortran objc obj-c++ m2 --prefix=/usr --with-gcc-major-version-only --program-suffix=-11 --program-prefix=x86_64-linux-gnu- --enable-shared --enable-linker-build-id --libexecdir=/usr/lib --without-included-gettext --enable-threads=posix --libdir=/usr/lib --enable-nls --enable-bootstrap --enable-clocale=gnu --enable-libstdcxx-debug --enable-libstdcxx-time=yes --with-default-libstdcxx-abi=new --enable-gnu-unique-object --disable-vtable-verify --enable-plugin --enable-default-pie --with-system-zlib --enable-libphobos-checking=release --with-target-system-zlib=auto --enable-objc-gc=auto --enable-multiarch --disable-werror --enable-cet --with-arch-32=i686 --with-abi=m64 --with-multilib-list=m32 m64 mx32 --enable-multilib --with-tune=generic --enable-offload-targets=nvptx-none=/build/gcc-11-XeT9lY/gcc-11-11.4.0/debian/tmp-nvptx/usr amdgcn-amdhsa=/build/gcc-11-XeT9lY/gcc-11-11.4.0/debian/tmp-gcn/usr --without-cuda-driver --enable-checking=release --build=x86_64-linux-gnu --host=x86_64-linux-gnu --target=x86_64-linux-gnu --with-build-config=bootstrap-lto-lean --enable-link-serialization=2]
  ignore line: [Thread model: posix]
  ignore line: [Supported LTO compression algorithms: zlib zstd]
  ignore line: [gcc version 11.4.0 (Ubuntu 11.4.0-1ubuntu1~22.04) ]
  ignore line: [COMPILER_PATH=/usr/lib/gcc/x86_64-linux-gnu/11/:/usr/lib/gcc/x86_64-linux-gnu/11/:/usr/lib/gcc/x86_64-linux-gnu/:/usr/lib/gcc/x86_64-linux-gnu/11/:/usr/lib/gcc/x86_64-linux-gnu/]
  ignore line: [LIBRARY_PATH=/usr/lib/gcc/x86_64-linux-gnu/11/:/usr/lib/gcc/x86_64-linux-gnu/11/../../../x86_64-linux-gnu/:/usr/lib/gcc/x86_64-linux-gnu/11/../../../../lib/:/lib/x86_64-linux-gnu/:/lib/../lib/:/usr/lib/x86_64-linux-gnu/:/usr/lib/../lib/:/usr/lib/gcc/x86_64-linux-gnu/11/../../../:/lib/:/usr/lib/]
  ignore line: [COLLECT_GCC_OPTIONS='-v' '-o' 'cmTC_78780' '-shared-libgcc' '-mtune=generic' '-march=x86-64' '-dumpdir' 'cmTC_78780.']
  link line: [ /usr/lib/gcc/x86_64-linux-gnu/11/collect2 -plugin /usr/lib/gcc/x86_64-linux-gnu/11/liblto_plugin.so -plugin-opt=/usr/lib/gcc/x86_64-linux-gnu/11/lto-wrapper -plugin-opt=-fresolution=/tmp/cc3eNLTF.res -plugin-opt=-pass-through=-lgcc_s -plugin-opt=-pass-through=-lgcc -plugin-opt=-pass-through=-lc -plugin-opt=-pass-through=-lgcc_s -plugin-opt=-pass-through=-lgcc --build-id --eh-frame-hdr -m elf_x86_64 --hash-style=gnu --as-needed -dynamic-linker /lib64/ld-linux-x86-64.so.2 -pie -z now -z relro -o cmTC_78780 /usr/lib/gcc/x86_64-linux-gnu/11/../../../x86_64-linux-gnu/Scrt1.o /usr/lib/gcc/x86_64-linux-gnu/11/../../../x86_64-linux-gnu/crti.o /usr/lib/gcc/x86_64-linux-gnu/11/crtbeginS.o -L/usr/lib/gcc/x86_64-linux-gnu/11 -L/usr/lib/gcc/x86_64-linux-gnu/11/../../../x86_64-linux-gnu -L/usr/lib/gcc/x86_64-linux-gnu/11/../../../../lib -L/lib/x86_64-linux-gnu -L/lib/../lib -L/usr/lib/x86_64-linux-gnu -L/usr/lib/../lib -L/usr/lib/gcc/x86_64-linux-gnu/11/../../.. CMakeFiles/cmTC_78780.dir/CMakeCXXCompilerABI.cpp.o -lstdc++ -lm -lgcc_s -lgcc -lc -lgcc_s -lgcc /usr/lib/gcc/x86_64-linux-gnu/11/crtendS.o /usr/lib/gcc/x86_64-linux-gnu/11/../../../x86_64-linux-gnu/crtn.o]
    arg [/usr/lib/gcc/x86_64-linux-gnu/11/collect2] ==> ignore
    arg [-plugin] ==> ignore
    arg [/usr/lib/gcc/x86_64-linux-gnu/11/liblto_plugin.so] ==> ignore
    arg [-plugin-opt=/usr/lib/gcc/x86_64-linux-gnu/11/lto-wrapper] ==> ignore
    arg [-plugin-opt=-fresolution=/tmp/cc3eNLTF.res] ==> ignore
    arg [-plugin-opt=-pass-through=-lgcc_s] ==> ignore
    arg [-plugin-opt=-pass-through=-lgcc] ==> ignore
    arg [-plugin-opt=-pass-through=-lc] ==> ignore
    arg [-plugin-opt=-pass-through=-lgcc_s] ==> ignore
    arg [-plugin-opt=-pass-through=-lgcc] ==> ignore
    arg [--build-id] ==> ignore
    arg [--eh-frame-hdr] ==> ignore
    arg [-m] ==> ignore
    arg [elf_x86_64] ==> ignore
    arg [--hash-style=gnu] ==> ignore
    arg [--as-needed] ==> ignore
    arg [-dynamic-linker] ==> ignore
    arg [/lib64/ld-linux-x86-64.so.2] ==> ignore
    arg [-pie] ==> ignore
    arg [-znow] ==> ignore
    arg [-zrelro] ==> ignore
    arg [-o] ==> ignore
    arg [cmTC_78780] ==> ignore
    arg [/usr/lib/gcc/x86_64-linux-gnu/11/../../../x86_64-linux-gnu/Scrt1.o] ==> obj [/usr/lib/gcc/x86_64-linux-gnu/11/../../../x86_64-linux-gnu/Scrt1.o]
    arg [/usr/lib/gcc/x86_64-linux-gnu/11/../../../x86_64-linux-gnu/crti.o] ==> obj [/usr/lib/gcc/x86_64-linux-gnu/11/../../../x86_64-linux-gnu/crti.o]
    arg [/usr/lib/gcc/x86_64-linux-gnu/11/crtbeginS.o] ==> obj [/usr/lib/gcc/x86_64-linux-gnu/11/crtbeginS.o]
    arg [-L/usr/lib/gcc/x86_64-linux-gnu/11] ==> dir [/usr/lib/gcc/x86_64-linux-gnu/11]
    arg [-L/usr/lib/gcc/x86_64-linux-gnu/11/../../../x86_64-linux-gnu] ==> dir [/usr/lib/gcc/x86_64-linux-gnu/11/../../../x86_64-linux-gnu]
    arg [-L/usr/lib/gcc/x86_64-linux-gnu/11/../../../../lib] ==> dir [/usr/lib/gcc/x86_64-linux-gnu/11/../../../../lib]
    arg [-L/lib/x86_64-linux-gnu] ==> dir [/lib/x86_64-linux-gnu]
    arg [-L/lib/../lib] ==> dir [/lib/../lib]
    arg [-L/usr/lib/x86_64-linux-gnu] ==> dir [/usr/lib/x86_64-linux-gnu]
    arg [-L/usr/lib/../lib] ==> dir [/usr/lib/../lib]
    arg [-L/usr/lib/gcc/x86_64-linux-gnu/11/../../..] ==> dir [/usr/lib/gcc/x86_64-linux-gnu/11/../../..]
    arg [CMakeFiles/cmTC_78780.dir/CMakeCXXCompilerABI.cpp.o] ==> ignore
    arg [-lstdc++] ==> lib [stdc++]
    arg [-lm] ==> lib [m]
    arg [-lgcc_s] ==> lib [gcc_s]
    arg [-lgcc] ==> lib [gcc]
    arg [-lc] ==> lib [c]
    arg [-lgcc_s] ==> lib [gcc_s]
    arg [-lgcc] ==> lib [gcc]
    arg [/usr/lib/gcc/x86_64-linux-gnu/11/crtendS.o] ==> obj [/usr/lib/gcc/x86_64-linux-gnu/11/crtendS.o]
    arg [/usr/lib/gcc/x86_64-linux-gnu/11/../../../x86_64-linux-gnu/crtn.o] ==> obj [/usr/lib/gcc/x86_64-linux-gnu/11/../../../x86_64-linux-gnu/crtn.o]
  collapse obj [/usr/lib/gcc/x86_64-linux-gnu/11/../../../x86_64-linux-gnu/Scrt1.o] ==> [/usr/lib/x86_64-linux-gnu/Scrt1.o]
  collapse obj [/usr/lib/gcc/x86_64-linux-gnu/11/../../../x86_64-linux-gnu/crti.o] ==> [/usr/lib/x86_64-linux-gnu/crti.o]
  collapse obj [/usr/lib/gcc/x86_64-linux-gnu/11/../../../x86_64-linux-gnu/crtn.o] ==> [/usr/lib/x86_64-linux-gnu/crtn.o]
  collapse library dir [/usr/lib/gcc/x86_64-linux-gnu/11] ==> [/usr/lib/gcc/x86_64-linux-gnu/11]
  collapse library dir [/usr/lib/gcc/x86_64-linux-gnu/11/../../../x86_64-linux-gnu] ==> [/usr/lib/x86_64-linux-gnu]
  collapse library dir [/usr/lib/gcc/x86_64-linux-gnu/11/../../../../lib] ==> [/usr/lib]
  collapse library dir [/lib/x86_64-linux-gnu] ==> [/lib/x86_64-linux-gnu]
  collapse library dir [/lib/../lib] ==> [/lib]
  collapse library dir [/usr/lib/x86_64-linux-gnu] ==> [/usr/lib/x86_64-linux-gnu]
  collapse library dir [/usr/lib/../lib] ==> [/usr/lib]
  collapse library dir [/usr/lib/gcc/x86_64-linux-gnu/11/../../..] ==> [/usr/lib]
  implicit libs: [stdc++;m;gcc_s;gcc;c;gcc_s;gcc]
  implicit objs: [/usr/lib/x86_64-linux-gnu/Scrt1.o;/usr/lib/x86_64-linux-gnu/crti.o;/usr/lib/gcc/x86_64-linux-gnu/11/crtbeginS.o;/usr/lib/gcc/x86_64-linux-gnu/11/crtendS.o;/usr/lib/x86_64-linux-gnu/crtn.o]
  implicit dirs: [/usr/lib/gcc/x86_64-linux-gnu/11;/usr/lib/x86_64-linux-gnu;/usr/lib;/lib/x86_64-linux-gnu;/lib]
  implicit fwks: []


Performing C++ SOURCE FILE Test HAVE_COMPILER_TLS succeeded with the following output:
Change Dir: /home/dilraj/Documents/apitrace/build/CMakeFiles/CMakeTmp

Run Build Command(s):/usr/bin/gmake -f Makefile cmTC_933ee/fast && /usr/bin/gmake  -f CMakeFiles/cmTC_933ee.dir/build.make CMakeFiles/cmTC_933ee.dir/build
gmake[1]: Entering directory '/home/dilraj/Documents/apitrace/build/CMakeFiles/CMakeTmp'
Building CXX object CMakeFiles/cmTC_933ee.dir/src.cxx.o
/usr/bin/c++ -DHAVE_COMPILER_TLS   -o CMakeFiles/cmTC_933ee.dir/src.cxx.o -c /home/dilraj/Documents/apitrace/build/CMakeFiles/CMakeTmp/src.cxx
Linking CXX executable cmTC_933ee
/usr/bin/cmake -E cmake_link_script CMakeFiles/cmTC_933ee.dir/link.txt --verbose=1
/usr/bin/c++ CMakeFiles/cmTC_933ee.dir/src.cxx.o -o cmTC_933ee 
gmake[1]: Leaving directory '/home/dilraj/Documents/apitrace/build/CMakeFiles/CMakeTmp'


Source file was:
__thread int i; int main() { return 0; }
Performing C++ SOURCE FILE Test HAVE_X86 succeeded with the following output:
Change Dir: /home/dilraj/Documents/apitrace/build/CMakeFiles/CMakeTmp

Run Build Command(s):/usr/bin/gmake -f Makefile cmTC_15916/fast && /usr/bin/gmake  -f CMakeFiles/cmTC_15916.dir/build.make CMakeFiles/cmTC_15916.dir/build
gmake[1]: Entering directory '/home/dilraj/Documents/apitrace/build/CMakeFiles/CMakeTmp'
Building CXX object CMakeFiles/cmTC_15916.dir/src.cxx.o
/usr/bin/c++ -DHAVE_X86   -o CMakeFiles/cmTC_15916.dir/src.cxx.o -c /home/dilraj/Documents/apitrace/build/CMakeFiles/CMakeTmp/src.cxx
Linking CXX executable cmTC_15916
/usr/bin/cmake -E cmake_link_script CMakeFiles/cmTC_15916.dir/link.txt --verbose=1
/usr/bin/c++ CMakeFiles/cmTC_15916.dir/src.cxx.o -o cmTC_15916 
gmake[1]: Leaving directory '/home/dilraj/Documents/apitrace/build/CMakeFiles/CMakeTmp'


Source file was:
#if defined(__i386__) || defined(__x86_64__) || defined(_M_IX86) || defined(_M_AMD64)
int main() { return 0; }
#else
#error
#endif
Determining if the include file pthread.h exists passed with the following output:
Change Dir: /home/dilraj/Documents/apitrace/build/CMakeFiles/CMakeTmp

Run Build Command(s):/usr/bin/gmake -f Makefile cmTC_a1b69/fast && /usr/bin/gmake  -f CMakeFiles/cmTC_a1b69.dir/build.make CMakeFiles/cmTC_a1b69.dir/build
gmake[1]: Entering directory '/home/dilraj/Documents/apitrace/build/CMakeFiles/CMakeTmp'
Building C object CMakeFiles/cmTC_a1b69.dir/CheckIncludeFile.c.o
/usr/bin/cc    -o CMakeFiles/cmTC_a1b69.dir/CheckIncludeFile.c.o -c /home/dilraj/Documents/apitrace/build/CMakeFiles/CMakeTmp/CheckIncludeFile.c
Linking C executable cmTC_a1b69
/usr/bin/cmake -E cmake_link_script CMakeFiles/cmTC_a1b69.dir/link.txt --verbose=1
/usr/bin/cc CMakeFiles/cmTC_a1b69.dir/CheckIncludeFile.c.o -o cmTC_a1b69 
gmake[1]: Leaving directory '/home/dilraj/Documents/apitrace/build/CMakeFiles/CMakeTmp'



Performing C SOURCE FILE Test CMAKE_HAVE_LIBC_PTHREAD succeeded with the following output:
Change Dir: /home/dilraj/Documents/apitrace/build/CMakeFiles/CMakeTmp

Run Build Command(s):/usr/bin/gmake -f Makefile cmTC_1df6f/fast && /usr/bin/gmake  -f CMakeFiles/cmTC_1df6f.dir/build.make CMakeFiles/cmTC_1df6f.dir/build
gmake[1]: Entering directory '/home/dilraj/Documents/apitrace/build/CMakeFiles/CMakeTmp'
Building C object CMakeFiles/cmTC_1df6f.dir/src.c.o
/usr/bin/cc -DCMAKE_HAVE_LIBC_PTHREAD   -o CMakeFiles/cmTC_1df6f.dir/src.c.o -c /home/dilraj/Documents/apitrace/build/CMakeFiles/CMakeTmp/src.c
Linking C executable cmTC_1df6f
/usr/bin/cmake -E cmake_link_script CMakeFiles/cmTC_1df6f.dir/link.txt --verbose=1
/usr/bin/cc CMakeFiles/cmTC_1df6f.dir/src.c.o -o cmTC_1df6f 
gmake[1]: Leaving directory '/home/dilraj/Documents/apitrace/build/CMakeFiles/CMakeTmp'


Source file was:
#include <pthread.h>

static void* test_func(void* data)
{
  return data;
}

int main(void)
{
  pthread_t thread;
  pthread_create(&thread, NULL, test_func, NULL);
  pthread_detach(thread);
  pthread_cancel(thread);
  pthread_join(thread, NULL);
  pthread_atfork(NULL, NULL, NULL);
  pthread_exit(NULL);

  return 0;
}

Determining if the function XOpenDisplay exists in the /usr/lib/x86_64-linux-gnu/libX11.so;/usr/lib/x86_64-linux-gnu/libXext.so passed with the following output:
Change Dir: /home/dilraj/Documents/apitrace/build/CMakeFiles/CMakeTmp

Run Build Command(s):/usr/bin/gmake -f Makefile cmTC_b5f47/fast && /usr/bin/gmake  -f CMakeFiles/cmTC_b5f47.dir/build.make CMakeFiles/cmTC_b5f47.dir/build
gmake[1]: Entering directory '/home/dilraj/Documents/apitrace/build/CMakeFiles/CMakeTmp'
Building C object CMakeFiles/cmTC_b5f47.dir/CheckFunctionExists.c.o
/usr/bin/cc   -DCHECK_FUNCTION_EXISTS=XOpenDisplay -o CMakeFiles/cmTC_b5f47.dir/CheckFunctionExists.c.o -c /usr/share/cmake-3.22/Modules/CheckFunctionExists.c
Linking C executable cmTC_b5f47
/usr/bin/cmake -E cmake_link_script CMakeFiles/cmTC_b5f47.dir/link.txt --verbose=1
/usr/bin/cc  -DCHECK_FUNCTION_EXISTS=XOpenDisplay CMakeFiles/cmTC_b5f47.dir/CheckFunctionExists.c.o -o cmTC_b5f47  /usr/lib/x86_64-linux-gnu/libX11.so /usr/lib/x86_64-linux-gnu/libXext.so 
gmake[1]: Leaving directory '/home/dilraj/Documents/apitrace/build/CMakeFiles/CMakeTmp'



Determining if the function gethostbyname exists passed with the following output:
Change Dir: /home/dilraj/Documents/apitrace/build/CMakeFiles/CMakeTmp

Run Build Command(s):/usr/bin/gmake -f Makefile cmTC_f60be/fast && /usr/bin/gmake  -f CMakeFiles/cmTC_f60be.dir/build.make CMakeFiles/cmTC_f60be.dir/build
gmake[1]: Entering directory '/home/dilraj/Documents/apitrace/build/CMakeFiles/CMakeTmp'
Building C object CMakeFiles/cmTC_f60be.dir/CheckFunctionExists.c.o
/usr/bin/cc   -DCHECK_FUNCTION_EXISTS=gethostbyname -o CMakeFiles/cmTC_f60be.dir/CheckFunctionExists.c.o -c /usr/share/cmake-3.22/Modules/CheckFunctionExists.c
Linking C executable cmTC_f60be
/usr/bin/cmake -E cmake_link_script CMakeFiles/cmTC_f60be.dir/link.txt --verbose=1
/usr/bin/cc  -DCHECK_FUNCTION_EXISTS=gethostbyname CMakeFiles/cmTC_f60be.dir/CheckFunctionExists.c.o -o cmTC_f60be 
gmake[1]: Leaving directory '/home/dilraj/Documents/apitrace/build/CMakeFiles/CMakeTmp'



Determining if the function connect exists passed with the following output:
Change Dir: /home/dilraj/Documents/apitrace/build/CMakeFiles/CMakeTmp

Run Build Command(s):/usr/bin/gmake -f Makefile cmTC_870b8/fast && /usr/bin/gmake  -f CMakeFiles/cmTC_870b8.dir/build.make CMakeFiles/cmTC_870b8.dir/build
gmake[1]: Entering directory '/home/dilraj/Documents/apitrace/build/CMakeFiles/CMakeTmp'
Building C object CMakeFiles/cmTC_870b8.dir/CheckFunctionExists.c.o
/usr/bin/cc   -DCHECK_FUNCTION_EXISTS=connect -o CMakeFiles/cmTC_870b8.dir/CheckFunctionExists.c.o -c /usr/share/cmake-3.22/Modules/CheckFunctionExists.c
Linking C executable cmTC_870b8
/usr/bin/cmake -E cmake_link_script CMakeFiles/cmTC_870b8.dir/link.txt --verbose=1
/usr/bin/cc  -DCHECK_FUNCTION_EXISTS=connect CMakeFiles/cmTC_870b8.dir/CheckFunctionExists.c.o -o cmTC_870b8 
gmake[1]: Leaving directory '/home/dilraj/Documents/apitrace/build/CMakeFiles/CMakeTmp'



Determining if the function remove exists passed with the following output:
Change Dir: /home/dilraj/Documents/apitrace/build/CMakeFiles/CMakeTmp

Run Build Command(s):/usr/bin/gmake -f Makefile cmTC_5107c/fast && /usr/bin/gmake  -f CMakeFiles/cmTC_5107c.dir/build.make CMakeFiles/cmTC_5107c.dir/build
gmake[1]: Entering directory '/home/dilraj/Documents/apitrace/build/CMakeFiles/CMakeTmp'
Building C object CMakeFiles/cmTC_5107c.dir/CheckFunctionExists.c.o
/usr/bin/cc   -DCHECK_FUNCTION_EXISTS=remove -o CMakeFiles/cmTC_5107c.dir/CheckFunctionExists.c.o -c /usr/share/cmake-3.22/Modules/CheckFunctionExists.c
Linking C executable cmTC_5107c
/usr/bin/cmake -E cmake_link_script CMakeFiles/cmTC_5107c.dir/link.txt --verbose=1
/usr/bin/cc  -DCHECK_FUNCTION_EXISTS=remove CMakeFiles/cmTC_5107c.dir/CheckFunctionExists.c.o -o cmTC_5107c 
gmake[1]: Leaving directory '/home/dilraj/Documents/apitrace/build/CMakeFiles/CMakeTmp'



Determining if the function shmat exists passed with the following output:
Change Dir: /home/dilraj/Documents/apitrace/build/CMakeFiles/CMakeTmp

Run Build Command(s):/usr/bin/gmake -f Makefile cmTC_c2e55/fast && /usr/bin/gmake  -f CMakeFiles/cmTC_c2e55.dir/build.make CMakeFiles/cmTC_c2e55.dir/build
gmake[1]: Entering directory '/home/dilraj/Documents/apitrace/build/CMakeFiles/CMakeTmp'
Building C object CMakeFiles/cmTC_c2e55.dir/CheckFunctionExists.c.o
/usr/bin/cc   -DCHECK_FUNCTION_EXISTS=shmat -o CMakeFiles/cmTC_c2e55.dir/CheckFunctionExists.c.o -c /usr/share/cmake-3.22/Modules/CheckFunctionExists.c
Linking C executable cmTC_c2e55
/usr/bin/cmake -E cmake_link_script CMakeFiles/cmTC_c2e55.dir/link.txt --verbose=1
/usr/bin/cc  -DCHECK_FUNCTION_EXISTS=shmat CMakeFiles/cmTC_c2e55.dir/CheckFunctionExists.c.o -o cmTC_c2e55 
gmake[1]: Leaving directory '/home/dilraj/Documents/apitrace/build/CMakeFiles/CMakeTmp'



Determining if the function IceConnectionNumber exists in the ICE passed with the following output:
Change Dir: /home/dilraj/Documents/apitrace/build/CMakeFiles/CMakeTmp

Run Build Command(s):/usr/bin/gmake -f Makefile cmTC_06a75/fast && /usr/bin/gmake  -f CMakeFiles/cmTC_06a75.dir/build.make CMakeFiles/cmTC_06a75.dir/build
gmake[1]: Entering directory '/home/dilraj/Documents/apitrace/build/CMakeFiles/CMakeTmp'
Building C object CMakeFiles/cmTC_06a75.dir/CheckFunctionExists.c.o
/usr/bin/cc   -DCHECK_FUNCTION_EXISTS=IceConnectionNumber -o CMakeFiles/cmTC_06a75.dir/CheckFunctionExists.c.o -c /usr/share/cmake-3.22/Modules/CheckFunctionExists.c
Linking C executable cmTC_06a75
/usr/bin/cmake -E cmake_link_script CMakeFiles/cmTC_06a75.dir/link.txt --verbose=1
/usr/bin/cc  -DCHECK_FUNCTION_EXISTS=IceConnectionNumber CMakeFiles/cmTC_06a75.dir/CheckFunctionExists.c.o -o cmTC_06a75  -lICE 
gmake[1]: Leaving directory '/home/dilraj/Documents/apitrace/build/CMakeFiles/CMakeTmp'



Performing C++ SOURCE FILE Test CXX_COMPILER_FLAG_VISIBILITY succeeded with the following output:
Change Dir: /home/dilraj/Documents/apitrace/build/CMakeFiles/CMakeTmp

Run Build Command(s):/usr/bin/gmake -f Makefile cmTC_7bf0d/fast && /usr/bin/gmake  -f CMakeFiles/cmTC_7bf0d.dir/build.make CMakeFiles/cmTC_7bf0d.dir/build
gmake[1]: Entering directory '/home/dilraj/Documents/apitrace/build/CMakeFiles/CMakeTmp'
Building CXX object CMakeFiles/cmTC_7bf0d.dir/src.cxx.o
/usr/bin/c++ -DCXX_COMPILER_FLAG_VISIBILITY  -fvisibility=hidden -o CMakeFiles/cmTC_7bf0d.dir/src.cxx.o -c /home/dilraj/Documents/apitrace/build/CMakeFiles/CMakeTmp/src.cxx
Linking CXX executable cmTC_7bf0d
/usr/bin/cmake -E cmake_link_script CMakeFiles/cmTC_7bf0d.dir/link.txt --verbose=1
/usr/bin/c++ CMakeFiles/cmTC_7bf0d.dir/src.cxx.o -o cmTC_7bf0d 
gmake[1]: Leaving directory '/home/dilraj/Documents/apitrace/build/CMakeFiles/CMakeTmp'


Source file was:
int main() { return 0; }
Determining if the include file sys/uio.h exists passed with the following output:
Change Dir: /home/dilraj/Documents/apitrace/build/CMakeFiles/CMakeTmp

Run Build Command(s):/usr/bin/gmake -f Makefile cmTC_74d30/fast && /usr/bin/gmake  -f CMakeFiles/cmTC_74d30.dir/build.make CMakeFiles/cmTC_74d30.dir/build
gmake[1]: Entering directory '/home/dilraj/Documents/apitrace/build/CMakeFiles/CMakeTmp'
Building C object CMakeFiles/cmTC_74d30.dir/CheckIncludeFile.c.o
/usr/bin/cc   -fvisibility=hidden -Wall -Wno-sign-compare -fno-strict-aliasing -fmessage-length=0 -fno-omit-frame-pointer  -std=gnu99 -o CMakeFiles/cmTC_74d30.dir/CheckIncludeFile.c.o -c /home/dilraj/Documents/apitrace/build/CMakeFiles/CMakeTmp/CheckIncludeFile.c
Linking C executable cmTC_74d30
/usr/bin/cmake -E cmake_link_script CMakeFiles/cmTC_74d30.dir/link.txt --verbose=1
/usr/bin/cc  -fvisibility=hidden -Wall -Wno-sign-compare -fno-strict-aliasing -fmessage-length=0 -fno-omit-frame-pointer  CMakeFiles/cmTC_74d30.dir/CheckIncludeFile.c.o -o cmTC_74d30 
gmake[1]: Leaving directory '/home/dilraj/Documents/apitrace/build/CMakeFiles/CMakeTmp'



Determining if the _Unwind_Backtrace exist passed with the following output:
Change Dir: /home/dilraj/Documents/apitrace/build/CMakeFiles/CMakeTmp

Run Build Command(s):/usr/bin/gmake -f Makefile cmTC_90c90/fast && /usr/bin/gmake  -f CMakeFiles/cmTC_90c90.dir/build.make CMakeFiles/cmTC_90c90.dir/build
gmake[1]: Entering directory '/home/dilraj/Documents/apitrace/build/CMakeFiles/CMakeTmp'
Building C object CMakeFiles/cmTC_90c90.dir/CheckSymbolExists.c.o
/usr/bin/cc   -fvisibility=hidden -Wall -Wno-sign-compare -fno-strict-aliasing -fmessage-length=0 -fno-omit-frame-pointer  -o CMakeFiles/cmTC_90c90.dir/CheckSymbolExists.c.o -c /home/dilraj/Documents/apitrace/build/CMakeFiles/CMakeTmp/CheckSymbolExists.c
Linking C executable cmTC_90c90
/usr/bin/cmake -E cmake_link_script CMakeFiles/cmTC_90c90.dir/link.txt --verbose=1
/usr/bin/cc  -fvisibility=hidden -Wall -Wno-sign-compare -fno-strict-aliasing -fmessage-length=0 -fno-omit-frame-pointer  -rdynamic CMakeFiles/cmTC_90c90.dir/CheckSymbolExists.c.o -o cmTC_90c90 
gmake[1]: Leaving directory '/home/dilraj/Documents/apitrace/build/CMakeFiles/CMakeTmp'


File /home/dilraj/Documents/apitrace/build/CMakeFiles/CMakeTmp/CheckSymbolExists.c:
/* */
#include <unwind.h>

int main(int argc, char** argv)
{
  (void)argv;
#ifndef _Unwind_Backtrace
  return ((int*)(&_Unwind_Backtrace))[argc];
#else
  (void)argc;
  return 0;
#endif
}
Determining if the _Unwind_GetIPInfo exist passed with the following output:
Change Dir: /home/dilraj/Documents/apitrace/build/CMakeFiles/CMakeTmp

Run Build Command(s):/usr/bin/gmake -f Makefile cmTC_2b2e7/fast && /usr/bin/gmake  -f CMakeFiles/cmTC_2b2e7.dir/build.make CMakeFiles/cmTC_2b2e7.dir/build
gmake[1]: Entering directory '/home/dilraj/Documents/apitrace/build/CMakeFiles/CMakeTmp'
Building C object CMakeFiles/cmTC_2b2e7.dir/CheckSymbolExists.c.o
/usr/bin/cc   -fvisibility=hidden -Wall -Wno-sign-compare -fno-strict-aliasing -fmessage-length=0 -fno-omit-frame-pointer  -o CMakeFiles/cmTC_2b2e7.dir/CheckSymbolExists.c.o -c /home/dilraj/Documents/apitrace/build/CMakeFiles/CMakeTmp/CheckSymbolExists.c
Linking C executable cmTC_2b2e7
/usr/bin/cmake -E cmake_link_script CMakeFiles/cmTC_2b2e7.dir/link.txt --verbose=1
/usr/bin/cc  -fvisibility=hidden -Wall -Wno-sign-compare -fno-strict-aliasing -fmessage-length=0 -fno-omit-frame-pointer  -rdynamic CMakeFiles/cmTC_2b2e7.dir/CheckSymbolExists.c.o -o cmTC_2b2e7 
gmake[1]: Leaving directory '/home/dilraj/Documents/apitrace/build/CMakeFiles/CMakeTmp'


File /home/dilraj/Documents/apitrace/build/CMakeFiles/CMakeTmp/CheckSymbolExists.c:
/* */
#include <unwind.h>

int main(int argc, char** argv)
{
  (void)argv;
#ifndef _Unwind_GetIPInfo
  return ((int*)(&_Unwind_GetIPInfo))[argc];
#else
  (void)argc;
  return 0;
#endif
}
Performing C SOURCE FILE Test FLAG_UNWIND_TABLES succeeded with the following output:
Change Dir: /home/dilraj/Documents/apitrace/build/CMakeFiles/CMakeTmp

Run Build Command(s):/usr/bin/gmake -f Makefile cmTC_ba6ac/fast && /usr/bin/gmake  -f CMakeFiles/cmTC_ba6ac.dir/build.make CMakeFiles/cmTC_ba6ac.dir/build
gmake[1]: Entering directory '/home/dilraj/Documents/apitrace/build/CMakeFiles/CMakeTmp'
Building C object CMakeFiles/cmTC_ba6ac.dir/src.c.o
/usr/bin/cc -DFLAG_UNWIND_TABLES  -fvisibility=hidden -Wall -Wno-sign-compare -fno-strict-aliasing -fmessage-length=0 -fno-omit-frame-pointer    -funwind-tables -std=gnu99 -o CMakeFiles/cmTC_ba6ac.dir/src.c.o -c /home/dilraj/Documents/apitrace/build/CMakeFiles/CMakeTmp/src.c
Linking C executable cmTC_ba6ac
/usr/bin/cmake -E cmake_link_script CMakeFiles/cmTC_ba6ac.dir/link.txt --verbose=1
/usr/bin/cc  -fvisibility=hidden -Wall -Wno-sign-compare -fno-strict-aliasing -fmessage-length=0 -fno-omit-frame-pointer  CMakeFiles/cmTC_ba6ac.dir/src.c.o -o cmTC_ba6ac 
gmake[1]: Leaving directory '/home/dilraj/Documents/apitrace/build/CMakeFiles/CMakeTmp'


Source file was:
int main(void) { return 0; }
Performing C SOURCE FILE Test HAVE_SYNC_FUNCTIONS succeeded with the following output:
Change Dir: /home/dilraj/Documents/apitrace/build/CMakeFiles/CMakeTmp

Run Build Command(s):/usr/bin/gmake -f Makefile cmTC_85630/fast && /usr/bin/gmake  -f CMakeFiles/cmTC_85630.dir/build.make CMakeFiles/cmTC_85630.dir/build
gmake[1]: Entering directory '/home/dilraj/Documents/apitrace/build/CMakeFiles/CMakeTmp'
Building C object CMakeFiles/cmTC_85630.dir/src.c.o
/usr/bin/cc -DHAVE_SYNC_FUNCTIONS  -fvisibility=hidden -Wall -Wno-sign-compare -fno-strict-aliasing -fmessage-length=0 -fno-omit-frame-pointer  -std=gnu99 -o CMakeFiles/cmTC_85630.dir/src.c.o -c /home/dilraj/Documents/apitrace/build/CMakeFiles/CMakeTmp/src.c
Linking C executable cmTC_85630
/usr/bin/cmake -E cmake_link_script CMakeFiles/cmTC_85630.dir/link.txt --verbose=1
/usr/bin/cc  -fvisibility=hidden -Wall -Wno-sign-compare -fno-strict-aliasing -fmessage-length=0 -fno-omit-frame-pointer  CMakeFiles/cmTC_85630.dir/src.c.o -o cmTC_85630 
gmake[1]: Leaving directory '/home/dilraj/Documents/apitrace/build/CMakeFiles/CMakeTmp'


Source file was:
int i;
    int main() {
    __sync_bool_compare_and_swap (&i, i, i);
    __sync_lock_test_and_set (&i, 1);
    __sync_lock_release (&i);}
Performing C SOURCE FILE Test HAVE_ATOMIC_FUNCTIONS succeeded with the following output:
Change Dir: /home/dilraj/Documents/apitrace/build/CMakeFiles/CMakeTmp

Run Build Command(s):/usr/bin/gmake -f Makefile cmTC_39d2a/fast && /usr/bin/gmake  -f CMakeFiles/cmTC_39d2a.dir/build.make CMakeFiles/cmTC_39d2a.dir/build
gmake[1]: Entering directory '/home/dilraj/Documents/apitrace/build/CMakeFiles/CMakeTmp'
Building C object CMakeFiles/cmTC_39d2a.dir/src.c.o
/usr/bin/cc -DHAVE_ATOMIC_FUNCTIONS  -fvisibility=hidden -Wall -Wno-sign-compare -fno-strict-aliasing -fmessage-length=0 -fno-omit-frame-pointer  -std=gnu99 -o CMakeFiles/cmTC_39d2a.dir/src.c.o -c /home/dilraj/Documents/apitrace/build/CMakeFiles/CMakeTmp/src.c
Linking C executable cmTC_39d2a
/usr/bin/cmake -E cmake_link_script CMakeFiles/cmTC_39d2a.dir/link.txt --verbose=1
/usr/bin/cc  -fvisibility=hidden -Wall -Wno-sign-compare -fno-strict-aliasing -fmessage-length=0 -fno-omit-frame-pointer  CMakeFiles/cmTC_39d2a.dir/src.c.o -o cmTC_39d2a 
gmake[1]: Leaving directory '/home/dilraj/Documents/apitrace/build/CMakeFiles/CMakeTmp'


Source file was:
int i;
    int main() {
    __atomic_load_n (&i, __ATOMIC_ACQUIRE);
    __atomic_store_n (&i, i, __ATOMIC_RELEASE);}
Determining if the mmap exist passed with the following output:
Change Dir: /home/dilraj/Documents/apitrace/build/CMakeFiles/CMakeTmp

Run Build Command(s):/usr/bin/gmake -f Makefile cmTC_a8cf7/fast && /usr/bin/gmake  -f CMakeFiles/cmTC_a8cf7.dir/build.make CMakeFiles/cmTC_a8cf7.dir/build
gmake[1]: Entering directory '/home/dilraj/Documents/apitrace/build/CMakeFiles/CMakeTmp'
Building C object CMakeFiles/cmTC_a8cf7.dir/CheckSymbolExists.c.o
/usr/bin/cc   -fvisibility=hidden -Wall -Wno-sign-compare -fno-strict-aliasing -fmessage-length=0 -fno-omit-frame-pointer  -o CMakeFiles/cmTC_a8cf7.dir/CheckSymbolExists.c.o -c /home/dilraj/Documents/apitrace/build/CMakeFiles/CMakeTmp/CheckSymbolExists.c
Linking C executable cmTC_a8cf7
/usr/bin/cmake -E cmake_link_script CMakeFiles/cmTC_a8cf7.dir/link.txt --verbose=1
/usr/bin/cc  -fvisibility=hidden -Wall -Wno-sign-compare -fno-strict-aliasing -fmessage-length=0 -fno-omit-frame-pointer  -rdynamic CMakeFiles/cmTC_a8cf7.dir/CheckSymbolExists.c.o -o cmTC_a8cf7 
gmake[1]: Leaving directory '/home/dilraj/Documents/apitrace/build/CMakeFiles/CMakeTmp'


File /home/dilraj/Documents/apitrace/build/CMakeFiles/CMakeTmp/CheckSymbolExists.c:
/* */
#include <sys/mman.h>

int main(int argc, char** argv)
{
  (void)argv;
#ifndef mmap
  return ((int*)(&mmap))[argc];
#else
  (void)argc;
  return 0;
#endif
}
Determining if the MAP_ANONYMOUS exist passed with the following output:
Change Dir: /home/dilraj/Documents/apitrace/build/CMakeFiles/CMakeTmp

Run Build Command(s):/usr/bin/gmake -f Makefile cmTC_e46e1/fast && /usr/bin/gmake  -f CMakeFiles/cmTC_e46e1.dir/build.make CMakeFiles/cmTC_e46e1.dir/build
gmake[1]: Entering directory '/home/dilraj/Documents/apitrace/build/CMakeFiles/CMakeTmp'
Building C object CMakeFiles/cmTC_e46e1.dir/CheckSymbolExists.c.o
/usr/bin/cc   -fvisibility=hidden -Wall -Wno-sign-compare -fno-strict-aliasing -fmessage-length=0 -fno-omit-frame-pointer  -o CMakeFiles/cmTC_e46e1.dir/CheckSymbolExists.c.o -c /home/dilraj/Documents/apitrace/build/CMakeFiles/CMakeTmp/CheckSymbolExists.c
Linking C executable cmTC_e46e1
/usr/bin/cmake -E cmake_link_script CMakeFiles/cmTC_e46e1.dir/link.txt --verbose=1
/usr/bin/cc  -fvisibility=hidden -Wall -Wno-sign-compare -fno-strict-aliasing -fmessage-length=0 -fno-omit-frame-pointer  -rdynamic CMakeFiles/cmTC_e46e1.dir/CheckSymbolExists.c.o -o cmTC_e46e1 
gmake[1]: Leaving directory '/home/dilraj/Documents/apitrace/build/CMakeFiles/CMakeTmp'


File /home/dilraj/Documents/apitrace/build/CMakeFiles/CMakeTmp/CheckSymbolExists.c:
/* */
#include <sys/mman.h>

int main(int argc, char** argv)
{
  (void)argv;
#ifndef MAP_ANONYMOUS
  return ((int*)(&MAP_ANONYMOUS))[argc];
#else
  (void)argc;
  return 0;
#endif
}
Determining if the MAP_ANON exist passed with the following output:
Change Dir: /home/dilraj/Documents/apitrace/build/CMakeFiles/CMakeTmp

Run Build Command(s):/usr/bin/gmake -f Makefile cmTC_a6ce1/fast && /usr/bin/gmake  -f CMakeFiles/cmTC_a6ce1.dir/build.make CMakeFiles/cmTC_a6ce1.dir/build
gmake[1]: Entering directory '/home/dilraj/Documents/apitrace/build/CMakeFiles/CMakeTmp'
Building C object CMakeFiles/cmTC_a6ce1.dir/CheckSymbolExists.c.o
/usr/bin/cc   -fvisibility=hidden -Wall -Wno-sign-compare -fno-strict-aliasing -fmessage-length=0 -fno-omit-frame-pointer  -o CMakeFiles/cmTC_a6ce1.dir/CheckSymbolExists.c.o -c /home/dilraj/Documents/apitrace/build/CMakeFiles/CMakeTmp/CheckSymbolExists.c
Linking C executable cmTC_a6ce1
/usr/bin/cmake -E cmake_link_script CMakeFiles/cmTC_a6ce1.dir/link.txt --verbose=1
/usr/bin/cc  -fvisibility=hidden -Wall -Wno-sign-compare -fno-strict-aliasing -fmessage-length=0 -fno-omit-frame-pointer  -rdynamic CMakeFiles/cmTC_a6ce1.dir/CheckSymbolExists.c.o -o cmTC_a6ce1 
gmake[1]: Leaving directory '/home/dilraj/Documents/apitrace/build/CMakeFiles/CMakeTmp'


File /home/dilraj/Documents/apitrace/build/CMakeFiles/CMakeTmp/CheckSymbolExists.c:
/* */
#include <sys/mman.h>

int main(int argc, char** argv)
{
  (void)argv;
#ifndef MAP_ANON
  return ((int*)(&MAP_ANON))[argc];
#else
  (void)argc;
  return 0;
#endif
}
Determining if the dl_iterate_phdr exist passed with the following output:
Change Dir: /home/dilraj/Documents/apitrace/build/CMakeFiles/CMakeTmp

Run Build Command(s):/usr/bin/gmake -f Makefile cmTC_96a43/fast && /usr/bin/gmake  -f CMakeFiles/cmTC_96a43.dir/build.make CMakeFiles/cmTC_96a43.dir/build
gmake[1]: Entering directory '/home/dilraj/Documents/apitrace/build/CMakeFiles/CMakeTmp'
Building C object CMakeFiles/cmTC_96a43.dir/CheckSymbolExists.c.o
/usr/bin/cc -D_GNU_SOURCE  -fvisibility=hidden -Wall -Wno-sign-compare -fno-strict-aliasing -fmessage-length=0 -fno-omit-frame-pointer  -o CMakeFiles/cmTC_96a43.dir/CheckSymbolExists.c.o -c /home/dilraj/Documents/apitrace/build/CMakeFiles/CMakeTmp/CheckSymbolExists.c
Linking C executable cmTC_96a43
/usr/bin/cmake -E cmake_link_script CMakeFiles/cmTC_96a43.dir/link.txt --verbose=1
/usr/bin/cc  -fvisibility=hidden -Wall -Wno-sign-compare -fno-strict-aliasing -fmessage-length=0 -fno-omit-frame-pointer  -rdynamic CMakeFiles/cmTC_96a43.dir/CheckSymbolExists.c.o -o cmTC_96a43 
gmake[1]: Leaving directory '/home/dilraj/Documents/apitrace/build/CMakeFiles/CMakeTmp'


File /home/dilraj/Documents/apitrace/build/CMakeFiles/CMakeTmp/CheckSymbolExists.c:
/* */
#include <link.h>

int main(int argc, char** argv)
{
  (void)argv;
#ifndef dl_iterate_phdr
  return ((int*)(&dl_iterate_phdr))[argc];
#else
  (void)argc;
  return 0;
#endif
}
Determining if the function fcntl exists passed with the following output:
Change Dir: /home/dilraj/Documents/apitrace/build/CMakeFiles/CMakeTmp

Run Build Command(s):/usr/bin/gmake -f Makefile cmTC_7aa52/fast && /usr/bin/gmake  -f CMakeFiles/cmTC_7aa52.dir/build.make CMakeFiles/cmTC_7aa52.dir/build
gmake[1]: Entering directory '/home/dilraj/Documents/apitrace/build/CMakeFiles/CMakeTmp'
Building C object CMakeFiles/cmTC_7aa52.dir/CheckFunctionExists.c.o
/usr/bin/cc -D_GNU_SOURCE  -fvisibility=hidden -Wall -Wno-sign-compare -fno-strict-aliasing -fmessage-length=0 -fno-omit-frame-pointer -DCHECK_FUNCTION_EXISTS=fcntl -std=gnu99 -o CMakeFiles/cmTC_7aa52.dir/CheckFunctionExists.c.o -c /usr/share/cmake-3.22/Modules/CheckFunctionExists.c
Linking C executable cmTC_7aa52
/usr/bin/cmake -E cmake_link_script CMakeFiles/cmTC_7aa52.dir/link.txt --verbose=1
/usr/bin/cc  -fvisibility=hidden -Wall -Wno-sign-compare -fno-strict-aliasing -fmessage-length=0 -fno-omit-frame-pointer -DCHECK_FUNCTION_EXISTS=fcntl CMakeFiles/cmTC_7aa52.dir/CheckFunctionExists.c.o -o cmTC_7aa52 
gmake[1]: Leaving directory '/home/dilraj/Documents/apitrace/build/CMakeFiles/CMakeTmp'



Determining if the function strnlen exists passed with the following output:
Change Dir: /home/dilraj/Documents/apitrace/build/CMakeFiles/CMakeTmp

Run Build Command(s):/usr/bin/gmake -f Makefile cmTC_b7ca7/fast && /usr/bin/gmake  -f CMakeFiles/cmTC_b7ca7.dir/build.make CMakeFiles/cmTC_b7ca7.dir/build
gmake[1]: Entering directory '/home/dilraj/Documents/apitrace/build/CMakeFiles/CMakeTmp'
Building C object CMakeFiles/cmTC_b7ca7.dir/CheckFunctionExists.c.o
/usr/bin/cc -D_GNU_SOURCE  -fvisibility=hidden -Wall -Wno-sign-compare -fno-strict-aliasing -fmessage-length=0 -fno-omit-frame-pointer -DCHECK_FUNCTION_EXISTS=strnlen -std=gnu99 -o CMakeFiles/cmTC_b7ca7.dir/CheckFunctionExists.c.o -c /usr/share/cmake-3.22/Modules/CheckFunctionExists.c
<command-line>: warning: conflicting types for built-in function strnlen; expected long unsigned int(const char *, long unsigned int) [-Wbuiltin-declaration-mismatch]
/usr/share/cmake-3.22/Modules/CheckFunctionExists.c:7:3: note: in expansion of macro CHECK_FUNCTION_EXISTS
    7 |   CHECK_FUNCTION_EXISTS(void);
      |   ^~~~~~~~~~~~~~~~~~~~~
Linking C executable cmTC_b7ca7
/usr/bin/cmake -E cmake_link_script CMakeFiles/cmTC_b7ca7.dir/link.txt --verbose=1
/usr/bin/cc  -fvisibility=hidden -Wall -Wno-sign-compare -fno-strict-aliasing -fmessage-length=0 -fno-omit-frame-pointer -DCHECK_FUNCTION_EXISTS=strnlen CMakeFiles/cmTC_b7ca7.dir/CheckFunctionExists.c.o -o cmTC_b7ca7 
gmake[1]: Leaving directory '/home/dilraj/Documents/apitrace/build/CMakeFiles/CMakeTmp'



Determining if the include file link.h exists passed with the following output:
Change Dir: /home/dilraj/Documents/apitrace/build/CMakeFiles/CMakeTmp

Run Build Command(s):/usr/bin/gmake -f Makefile cmTC_d0c3d/fast && /usr/bin/gmake  -f CMakeFiles/cmTC_d0c3d.dir/build.make CMakeFiles/cmTC_d0c3d.dir/build
gmake[1]: Entering directory '/home/dilraj/Documents/apitrace/build/CMakeFiles/CMakeTmp'
Building C object CMakeFiles/cmTC_d0c3d.dir/CheckIncludeFile.c.o
/usr/bin/cc -D_GNU_SOURCE  -fvisibility=hidden -Wall -Wno-sign-compare -fno-strict-aliasing -fmessage-length=0 -fno-omit-frame-pointer  -std=gnu99 -o CMakeFiles/cmTC_d0c3d.dir/CheckIncludeFile.c.o -c /home/dilraj/Documents/apitrace/build/CMakeFiles/CMakeTmp/CheckIncludeFile.c
Linking C executable cmTC_d0c3d
/usr/bin/cmake -E cmake_link_script CMakeFiles/cmTC_d0c3d.dir/link.txt --verbose=1
/usr/bin/cc  -fvisibility=hidden -Wall -Wno-sign-compare -fno-strict-aliasing -fmessage-length=0 -fno-omit-frame-pointer  CMakeFiles/cmTC_d0c3d.dir/CheckIncludeFile.c.o -o cmTC_d0c3d 
gmake[1]: Leaving directory '/home/dilraj/Documents/apitrace/build/CMakeFiles/CMakeTmp'



Determining if the include file stdint.h exists passed with the following output:
Change Dir: /home/dilraj/Documents/apitrace/build/CMakeFiles/CMakeTmp

Run Build Command(s):/usr/bin/gmake -f Makefile cmTC_f6d0c/fast && /usr/bin/gmake  -f CMakeFiles/cmTC_f6d0c.dir/build.make CMakeFiles/cmTC_f6d0c.dir/build
gmake[1]: Entering directory '/home/dilraj/Documents/apitrace/build/CMakeFiles/CMakeTmp'
Building C object CMakeFiles/cmTC_f6d0c.dir/CheckIncludeFile.c.o
/usr/bin/cc -D_GNU_SOURCE  -fvisibility=hidden -Wall -Wno-sign-compare -fno-strict-aliasing -fmessage-length=0 -fno-omit-frame-pointer  -std=gnu99 -o CMakeFiles/cmTC_f6d0c.dir/CheckIncludeFile.c.o -c /home/dilraj/Documents/apitrace/build/CMakeFiles/CMakeTmp/CheckIncludeFile.c
Linking C executable cmTC_f6d0c
/usr/bin/cmake -E cmake_link_script CMakeFiles/cmTC_f6d0c.dir/link.txt --verbose=1
/usr/bin/cc  -fvisibility=hidden -Wall -Wno-sign-compare -fno-strict-aliasing -fmessage-length=0 -fno-omit-frame-pointer  CMakeFiles/cmTC_f6d0c.dir/CheckIncludeFile.c.o -o cmTC_f6d0c 
gmake[1]: Leaving directory '/home/dilraj/Documents/apitrace/build/CMakeFiles/CMakeTmp'



Determining if the include file sys/mman.h exists passed with the following output:
Change Dir: /home/dilraj/Documents/apitrace/build/CMakeFiles/CMakeTmp

Run Build Command(s):/usr/bin/gmake -f Makefile cmTC_02b3f/fast && /usr/bin/gmake  -f CMakeFiles/cmTC_02b3f.dir/build.make CMakeFiles/cmTC_02b3f.dir/build
gmake[1]: Entering directory '/home/dilraj/Documents/apitrace/build/CMakeFiles/CMakeTmp'
Building C object CMakeFiles/cmTC_02b3f.dir/CheckIncludeFile.c.o
/usr/bin/cc -D_GNU_SOURCE  -fvisibility=hidden -Wall -Wno-sign-compare -fno-strict-aliasing -fmessage-length=0 -fno-omit-frame-pointer  -std=gnu99 -o CMakeFiles/cmTC_02b3f.dir/CheckIncludeFile.c.o -c /home/dilraj/Documents/apitrace/build/CMakeFiles/CMakeTmp/CheckIncludeFile.c
Linking C executable cmTC_02b3f
/usr/bin/cmake -E cmake_link_script CMakeFiles/cmTC_02b3f.dir/link.txt --verbose=1
/usr/bin/cc  -fvisibility=hidden -Wall -Wno-sign-compare -fno-strict-aliasing -fmessage-length=0 -fno-omit-frame-pointer  CMakeFiles/cmTC_02b3f.dir/CheckIncludeFile.c.o -o cmTC_02b3f 
gmake[1]: Leaving directory '/home/dilraj/Documents/apitrace/build/CMakeFiles/CMakeTmp'



Determining if the include file sys/types.h exists passed with the following output:
Change Dir: /home/dilraj/Documents/apitrace/build/CMakeFiles/CMakeTmp

Run Build Command(s):/usr/bin/gmake -f Makefile cmTC_3db69/fast && /usr/bin/gmake  -f CMakeFiles/cmTC_3db69.dir/build.make CMakeFiles/cmTC_3db69.dir/build
gmake[1]: Entering directory '/home/dilraj/Documents/apitrace/build/CMakeFiles/CMakeTmp'
Building C object CMakeFiles/cmTC_3db69.dir/CheckIncludeFile.c.o
/usr/bin/cc -D_GNU_SOURCE  -fvisibility=hidden -Wall -Wno-sign-compare -fno-strict-aliasing -fmessage-length=0 -fno-omit-frame-pointer  -std=gnu99 -o CMakeFiles/cmTC_3db69.dir/CheckIncludeFile.c.o -c /home/dilraj/Documents/apitrace/build/CMakeFiles/CMakeTmp/CheckIncludeFile.c
Linking C executable cmTC_3db69
/usr/bin/cmake -E cmake_link_script CMakeFiles/cmTC_3db69.dir/link.txt --verbose=1
/usr/bin/cc  -fvisibility=hidden -Wall -Wno-sign-compare -fno-strict-aliasing -fmessage-length=0 -fno-omit-frame-pointer  CMakeFiles/cmTC_3db69.dir/CheckIncludeFile.c.o -o cmTC_3db69 
gmake[1]: Leaving directory '/home/dilraj/Documents/apitrace/build/CMakeFiles/CMakeTmp'



Performing C++ SOURCE FILE Test STATIC_LIBSTDCXX_PIC succeeded with the following output:
Change Dir: /home/dilraj/Documents/apitrace/build/CMakeFiles/CMakeTmp

Run Build Command(s):/usr/bin/gmake -f Makefile cmTC_21857/fast && /usr/bin/gmake  -f CMakeFiles/cmTC_21857.dir/build.make CMakeFiles/cmTC_21857.dir/build
gmake[1]: Entering directory '/home/dilraj/Documents/apitrace/build/CMakeFiles/CMakeTmp'
Building CXX object CMakeFiles/cmTC_21857.dir/src.cxx.o
/usr/bin/c++ -DSTATIC_LIBSTDCXX_PIC  -fvisibility=hidden -Wall -Wno-sign-compare -fno-strict-aliasing -fno-rtti -fno-exceptions -fmessage-length=0 -fno-omit-frame-pointer -fPIC -o CMakeFiles/cmTC_21857.dir/src.cxx.o -c /home/dilraj/Documents/apitrace/build/CMakeFiles/CMakeTmp/src.cxx
Linking CXX executable cmTC_21857
/usr/bin/cmake -E cmake_link_script CMakeFiles/cmTC_21857.dir/link.txt --verbose=1
/usr/bin/c++  -fvisibility=hidden -Wall -Wno-sign-compare -fno-strict-aliasing -fno-rtti -fno-exceptions -fmessage-length=0 -fno-omit-frame-pointer -fPIC  -static-libgcc  CMakeFiles/cmTC_21857.dir/src.cxx.o -o cmTC_21857  -shared -static-libgcc -static-libstdc++ 
gmake[1]: Leaving directory '/home/dilraj/Documents/apitrace/build/CMakeFiles/CMakeTmp'


Source file was:

            #include <string>
            std::string s;
        
